{"uid":"21e45d1b4baaba84","name":"Добавление товара в корзину из карточки заказа авторизованным пользователем","fullName":"tests.test_cart.TestCart#test_add_product_to_cart_from_product_card_by_authorized_user","historyId":"fc4ab9173cebac8ec6e602935848959e","time":{"start":1673046531367,"stop":1673046531367,"duration":0},"status":"failed","statusMessage":"AssertionError: В течение 5 секунд не был найден элемент с локатором: ('css selector', 'a.ico-logout')","statusTrace":"self = <pages.header.Header object at 0x000001D882275240>\nstrategy = 'css selector', locator = 'a.ico-logout', timeout = 5\n\n    def find_element(self, strategy, locator, timeout=5) -> WebElement:\n        \"\"\"\n        Поиск элемента на странице.\n    \n        :param strategy: способ поиска элемента.\n        :param locator: локатор.\n        :param timeout: время ожидания.\n        :return: элемент.\n        \"\"\"\n        try:\n>           return WebDriverWait(self.driver, timeout).until(ec.presence_of_element_located((strategy, locator)))\n\npages\\base_page.py:137: \n_ _ _ _ _ _ _ _ _ _ _ _ _ _ _ _ _ _ _ _ _ _ _ _ _ _ _ _ _ _ _ _ _ _ _ _ _ _ _ _\n\nself = <selenium.webdriver.support.wait.WebDriverWait (session=\"0dbd642a27866a104f3d9c7471194119\")>\nmethod = <function presence_of_element_located.<locals>._predicate at 0x000001D882B693F0>\nmessage = ''\n\n    def until(self, method, message: str = \"\"):\n        \"\"\"Calls the method provided with the driver as an argument until the \\\n        return value does not evaluate to ``False``.\n    \n        :param method: callable(WebDriver)\n        :param message: optional message for :exc:`TimeoutException`\n        :returns: the result of the last call to `method`\n        :raises: :exc:`selenium.common.exceptions.TimeoutException` if timeout occurs\n        \"\"\"\n        screen = None\n        stacktrace = None\n    \n        end_time = time.monotonic() + self._timeout\n        while True:\n            try:\n                value = method(self._driver)\n                if value:\n                    return value\n            except self._ignored_exceptions as exc:\n                screen = getattr(exc, \"screen\", None)\n                stacktrace = getattr(exc, \"stacktrace\", None)\n            time.sleep(self._poll)\n            if time.monotonic() > end_time:\n                break\n>       raise TimeoutException(message, screen, stacktrace)\nE       selenium.common.exceptions.TimeoutException: Message: \nE       Stacktrace:\nE       Backtrace:\nE       \t(No symbol) [0x0049F243]\nE       \t(No symbol) [0x00427FD1]\nE       \t(No symbol) [0x0031D04D]\nE       \t(No symbol) [0x0034C0B0]\nE       \t(No symbol) [0x0034C22B]\nE       \t(No symbol) [0x0037E612]\nE       \t(No symbol) [0x003685D4]\nE       \t(No symbol) [0x0037C9EB]\nE       \t(No symbol) [0x00368386]\nE       \t(No symbol) [0x0034163C]\nE       \t(No symbol) [0x0034269D]\nE       \tGetHandleVerifier [0x00739A22+2655074]\nE       \tGetHandleVerifier [0x0072CA24+2601828]\nE       \tGetHandleVerifier [0x00548C0A+619850]\nE       \tGetHandleVerifier [0x00547830+614768]\nE       \t(No symbol) [0x004305FC]\nE       \t(No symbol) [0x00435968]\nE       \t(No symbol) [0x00435A55]\nE       \t(No symbol) [0x0044051B]\nE       \tBaseThreadInitThunk [0x76686A39+25]\nE       \tRtlGetFullPathName_UEx [0x77B17D1D+173]\nE       \tRtlGetFullPathName_UEx [0x77B17CEB+123]\n\nC:\\hostedtoolcache\\windows\\Python\\3.10.9\\x64\\lib\\site-packages\\selenium\\webdriver\\support\\wait.py:95: TimeoutException\n\nDuring handling of the above exception, another exception occurred:\n\nheader = <pages.header.Header object at 0x000001D882275240>\nregistration_page = <pages.registration_page.RegistrationPage object at 0x000001D88235D6F0>\nmain_page = <pages.main_page.MainPage object at 0x000001D8822767D0>\n\n    @fixture(scope='function')\n    def create_user(header, registration_page, main_page):\n        \"\"\"\n        Создание пользователя.\n        \"\"\"\n    \n        user = UserData()\n        firstname = user.firstname()\n        lastname = user.lastname()\n        email = user.email()\n        password = user.password()\n    \n        main_page.open()\n        header.go_to_register_page()\n        registration_page.fill_registration_form(\n            is_random=False,\n            firstname=firstname,\n            lastname=lastname,\n            email=email,\n            password=password,\n        )\n        registration_page.click_on_register_button()\n>       header.logout_user()\n\nfixtures\\ui.py:94: \n_ _ _ _ _ _ _ _ _ _ _ _ _ _ _ _ _ _ _ _ _ _ _ _ _ _ _ _ _ _ _ _ _ _ _ _ _ _ _ _\nutils\\steps.py:29: in impl\n    step_result = func(*args, **kwargs)\npages\\header.py:31: in logout_user\n    self.find_element(*Locators.LOGOUT_LINK).click()\n_ _ _ _ _ _ _ _ _ _ _ _ _ _ _ _ _ _ _ _ _ _ _ _ _ _ _ _ _ _ _ _ _ _ _ _ _ _ _ _\n\nself = <pages.header.Header object at 0x000001D882275240>\nstrategy = 'css selector', locator = 'a.ico-logout', timeout = 5\n\n    def find_element(self, strategy, locator, timeout=5) -> WebElement:\n        \"\"\"\n        Поиск элемента на странице.\n    \n        :param strategy: способ поиска элемента.\n        :param locator: локатор.\n        :param timeout: время ожидания.\n        :return: элемент.\n        \"\"\"\n        try:\n            return WebDriverWait(self.driver, timeout).until(ec.presence_of_element_located((strategy, locator)))\n        except TimeoutException:\n>           raise AssertionError(f'В течение {timeout} секунд не был найден элемент с локатором: {(strategy, locator)}')\nE           AssertionError: В течение 5 секунд не был найден элемент с локатором: ('css selector', 'a.ico-logout')\n\npages\\base_page.py:139: AssertionError","flaky":false,"newFailed":false,"newBroken":false,"newPassed":false,"retriesCount":0,"retriesStatusChange":false,"beforeStages":[{"name":"browser","time":{"start":1673046531367,"stop":1673046547148,"duration":15781},"status":"passed","steps":[],"attachments":[],"parameters":[],"shouldDisplayMessage":false,"attachmentsCount":0,"hasContent":false,"stepsCount":0},{"name":"product_card_page","time":{"start":1673046547149,"stop":1673046547149,"duration":0},"status":"passed","steps":[],"attachments":[],"parameters":[],"shouldDisplayMessage":false,"attachmentsCount":0,"hasContent":false,"stepsCount":0},{"name":"cart_page","time":{"start":1673046547149,"stop":1673046547149,"duration":0},"status":"passed","steps":[],"attachments":[],"parameters":[],"shouldDisplayMessage":false,"attachmentsCount":0,"hasContent":false,"stepsCount":0},{"name":"header","time":{"start":1673046547149,"stop":1673046547149,"duration":0},"status":"passed","steps":[],"attachments":[],"parameters":[],"shouldDisplayMessage":false,"attachmentsCount":0,"hasContent":false,"stepsCount":0},{"name":"login_page","time":{"start":1673046547149,"stop":1673046547149,"duration":0},"status":"passed","steps":[],"attachments":[],"parameters":[],"shouldDisplayMessage":false,"attachmentsCount":0,"hasContent":false,"stepsCount":0},{"name":"main_page","time":{"start":1673046547149,"stop":1673046547149,"duration":0},"status":"passed","steps":[],"attachments":[],"parameters":[],"shouldDisplayMessage":false,"attachmentsCount":0,"hasContent":false,"stepsCount":0},{"name":"catalog_page","time":{"start":1673046547149,"stop":1673046547149,"duration":0},"status":"passed","steps":[],"attachments":[],"parameters":[],"shouldDisplayMessage":false,"attachmentsCount":0,"hasContent":false,"stepsCount":0},{"name":"create_user","time":{"start":1673046547149,"stop":1673046558578,"duration":11429},"status":"failed","statusMessage":"AssertionError: В течение 5 секунд не был найден элемент с локатором: ('css selector', 'a.ico-logout')\n","statusTrace":"  File \"C:\\hostedtoolcache\\windows\\Python\\3.10.9\\x64\\lib\\site-packages\\pluggy\\_callers.py\", line 39, in _multicall\n    res = hook_impl.function(*args)\n  File \"C:\\hostedtoolcache\\windows\\Python\\3.10.9\\x64\\lib\\site-packages\\_pytest\\fixtures.py\", line 1128, in pytest_fixture_setup\n    result = call_fixture_func(fixturefunc, request, kwargs)\n  File \"C:\\hostedtoolcache\\windows\\Python\\3.10.9\\x64\\lib\\site-packages\\_pytest\\fixtures.py\", line 907, in call_fixture_func\n    fixture_result = fixturefunc(**kwargs)\n  File \"D:\\a\\demo_web_shop\\demo_web_shop\\fixtures\\ui.py\", line 94, in create_user\n    header.logout_user()\n  File \"D:\\a\\demo_web_shop\\demo_web_shop\\utils\\steps.py\", line 29, in impl\n    step_result = func(*args, **kwargs)\n  File \"D:\\a\\demo_web_shop\\demo_web_shop\\pages\\header.py\", line 31, in logout_user\n    self.find_element(*Locators.LOGOUT_LINK).click()\n  File \"D:\\a\\demo_web_shop\\demo_web_shop\\pages\\base_page.py\", line 139, in find_element\n    raise AssertionError(f'В течение {timeout} секунд не был найден элемент с локатором: {(strategy, locator)}')\n","steps":[{"name":"Перейти на страницу регистрации","time":{"start":1673046549399,"stop":1673046550204,"duration":805},"status":"passed","steps":[],"attachments":[{"uid":"dafb269829a0527b","name":"Screenshot","source":"dafb269829a0527b.png","type":"image/png","size":48314}],"parameters":[],"shouldDisplayMessage":false,"attachmentsCount":1,"hasContent":true,"stepsCount":0},{"name":"Заполнить форму регистрации","time":{"start":1673046550205,"stop":1673046551804,"duration":1599},"status":"passed","steps":[{"name":"Заполнить поле \"First name\" значением: Порфирий","time":{"start":1673046550205,"stop":1673046550958,"duration":753},"status":"passed","steps":[],"attachments":[],"parameters":[],"shouldDisplayMessage":false,"attachmentsCount":0,"hasContent":false,"stepsCount":0},{"name":"Заполнить поле \"Last name\" значением: Булгаков","time":{"start":1673046550958,"stop":1673046551148,"duration":190},"status":"passed","steps":[],"attachments":[],"parameters":[],"shouldDisplayMessage":false,"attachmentsCount":0,"hasContent":false,"stepsCount":0},{"name":"Заполнить поле \"Email\" значением: alt1959@yahoo.com","time":{"start":1673046551148,"stop":1673046551403,"duration":255},"status":"passed","steps":[],"attachments":[],"parameters":[],"shouldDisplayMessage":false,"attachmentsCount":0,"hasContent":false,"stepsCount":0},{"name":"Заполнить поле \"Password\" значением: @rn_<wx`","time":{"start":1673046551403,"stop":1673046551575,"duration":172},"status":"passed","steps":[],"attachments":[],"parameters":[],"shouldDisplayMessage":false,"attachmentsCount":0,"hasContent":false,"stepsCount":0},{"name":"Заполнить поле \"Confirm password\" значением: @rn_<wx`","time":{"start":1673046551575,"stop":1673046551718,"duration":143},"status":"passed","steps":[],"attachments":[],"parameters":[],"shouldDisplayMessage":false,"attachmentsCount":0,"hasContent":false,"stepsCount":0}],"attachments":[{"uid":"13c7fe21e94a403a","name":"Screenshot","source":"13c7fe21e94a403a.png","type":"image/png","size":51915}],"parameters":[{"name":"gender","value":"None"},{"name":"firstname","value":"'Порфирий'"},{"name":"lastname","value":"'Булгаков'"},{"name":"email","value":"'alt1959@yahoo.com'"},{"name":"password","value":"'@rn_<wx`'"},{"name":"confirm_password","value":"None"},{"name":"is_random","value":"False"}],"shouldDisplayMessage":false,"attachmentsCount":1,"hasContent":true,"stepsCount":5},{"name":"Кликнуть по кнопке \"Register\"","time":{"start":1673046551804,"stop":1673046553229,"duration":1425},"status":"passed","steps":[],"attachments":[{"uid":"365c62aafe1f7303","name":"Screenshot","source":"365c62aafe1f7303.png","type":"image/png","size":33432}],"parameters":[],"shouldDisplayMessage":false,"attachmentsCount":1,"hasContent":true,"stepsCount":0},{"name":"Выйти из профиля пользователя","time":{"start":1673046553229,"stop":1673046558577,"duration":5348},"status":"failed","statusMessage":"AssertionError: В течение 5 секунд не был найден элемент с локатором: ('css selector', 'a.ico-logout')\n","statusTrace":"  File \"D:\\a\\demo_web_shop\\demo_web_shop\\utils\\steps.py\", line 29, in impl\n    step_result = func(*args, **kwargs)\n  File \"D:\\a\\demo_web_shop\\demo_web_shop\\pages\\header.py\", line 31, in logout_user\n    self.find_element(*Locators.LOGOUT_LINK).click()\n  File \"D:\\a\\demo_web_shop\\demo_web_shop\\pages\\base_page.py\", line 139, in find_element\n    raise AssertionError(f'В течение {timeout} секунд не был найден элемент с локатором: {(strategy, locator)}')\n","steps":[],"attachments":[{"uid":"6c17738397d702df","name":"Screenshot","source":"6c17738397d702df.png","type":"image/png","size":33432}],"parameters":[],"shouldDisplayMessage":true,"attachmentsCount":1,"hasContent":true,"stepsCount":0}],"attachments":[],"parameters":[],"shouldDisplayMessage":false,"attachmentsCount":4,"hasContent":true,"stepsCount":9},{"name":"registration_page","time":{"start":1673046547149,"stop":1673046547149,"duration":0},"status":"passed","steps":[],"attachments":[],"parameters":[],"shouldDisplayMessage":false,"attachmentsCount":0,"hasContent":false,"stepsCount":0}],"testStage":{"status":"failed","statusMessage":"AssertionError: В течение 5 секунд не был найден элемент с локатором: ('css selector', 'a.ico-logout')","statusTrace":"self = <pages.header.Header object at 0x000001D882275240>\nstrategy = 'css selector', locator = 'a.ico-logout', timeout = 5\n\n    def find_element(self, strategy, locator, timeout=5) -> WebElement:\n        \"\"\"\n        Поиск элемента на странице.\n    \n        :param strategy: способ поиска элемента.\n        :param locator: локатор.\n        :param timeout: время ожидания.\n        :return: элемент.\n        \"\"\"\n        try:\n>           return WebDriverWait(self.driver, timeout).until(ec.presence_of_element_located((strategy, locator)))\n\npages\\base_page.py:137: \n_ _ _ _ _ _ _ _ _ _ _ _ _ _ _ _ _ _ _ _ _ _ _ _ _ _ _ _ _ _ _ _ _ _ _ _ _ _ _ _\n\nself = <selenium.webdriver.support.wait.WebDriverWait (session=\"0dbd642a27866a104f3d9c7471194119\")>\nmethod = <function presence_of_element_located.<locals>._predicate at 0x000001D882B693F0>\nmessage = ''\n\n    def until(self, method, message: str = \"\"):\n        \"\"\"Calls the method provided with the driver as an argument until the \\\n        return value does not evaluate to ``False``.\n    \n        :param method: callable(WebDriver)\n        :param message: optional message for :exc:`TimeoutException`\n        :returns: the result of the last call to `method`\n        :raises: :exc:`selenium.common.exceptions.TimeoutException` if timeout occurs\n        \"\"\"\n        screen = None\n        stacktrace = None\n    \n        end_time = time.monotonic() + self._timeout\n        while True:\n            try:\n                value = method(self._driver)\n                if value:\n                    return value\n            except self._ignored_exceptions as exc:\n                screen = getattr(exc, \"screen\", None)\n                stacktrace = getattr(exc, \"stacktrace\", None)\n            time.sleep(self._poll)\n            if time.monotonic() > end_time:\n                break\n>       raise TimeoutException(message, screen, stacktrace)\nE       selenium.common.exceptions.TimeoutException: Message: \nE       Stacktrace:\nE       Backtrace:\nE       \t(No symbol) [0x0049F243]\nE       \t(No symbol) [0x00427FD1]\nE       \t(No symbol) [0x0031D04D]\nE       \t(No symbol) [0x0034C0B0]\nE       \t(No symbol) [0x0034C22B]\nE       \t(No symbol) [0x0037E612]\nE       \t(No symbol) [0x003685D4]\nE       \t(No symbol) [0x0037C9EB]\nE       \t(No symbol) [0x00368386]\nE       \t(No symbol) [0x0034163C]\nE       \t(No symbol) [0x0034269D]\nE       \tGetHandleVerifier [0x00739A22+2655074]\nE       \tGetHandleVerifier [0x0072CA24+2601828]\nE       \tGetHandleVerifier [0x00548C0A+619850]\nE       \tGetHandleVerifier [0x00547830+614768]\nE       \t(No symbol) [0x004305FC]\nE       \t(No symbol) [0x00435968]\nE       \t(No symbol) [0x00435A55]\nE       \t(No symbol) [0x0044051B]\nE       \tBaseThreadInitThunk [0x76686A39+25]\nE       \tRtlGetFullPathName_UEx [0x77B17D1D+173]\nE       \tRtlGetFullPathName_UEx [0x77B17CEB+123]\n\nC:\\hostedtoolcache\\windows\\Python\\3.10.9\\x64\\lib\\site-packages\\selenium\\webdriver\\support\\wait.py:95: TimeoutException\n\nDuring handling of the above exception, another exception occurred:\n\nheader = <pages.header.Header object at 0x000001D882275240>\nregistration_page = <pages.registration_page.RegistrationPage object at 0x000001D88235D6F0>\nmain_page = <pages.main_page.MainPage object at 0x000001D8822767D0>\n\n    @fixture(scope='function')\n    def create_user(header, registration_page, main_page):\n        \"\"\"\n        Создание пользователя.\n        \"\"\"\n    \n        user = UserData()\n        firstname = user.firstname()\n        lastname = user.lastname()\n        email = user.email()\n        password = user.password()\n    \n        main_page.open()\n        header.go_to_register_page()\n        registration_page.fill_registration_form(\n            is_random=False,\n            firstname=firstname,\n            lastname=lastname,\n            email=email,\n            password=password,\n        )\n        registration_page.click_on_register_button()\n>       header.logout_user()\n\nfixtures\\ui.py:94: \n_ _ _ _ _ _ _ _ _ _ _ _ _ _ _ _ _ _ _ _ _ _ _ _ _ _ _ _ _ _ _ _ _ _ _ _ _ _ _ _\nutils\\steps.py:29: in impl\n    step_result = func(*args, **kwargs)\npages\\header.py:31: in logout_user\n    self.find_element(*Locators.LOGOUT_LINK).click()\n_ _ _ _ _ _ _ _ _ _ _ _ _ _ _ _ _ _ _ _ _ _ _ _ _ _ _ _ _ _ _ _ _ _ _ _ _ _ _ _\n\nself = <pages.header.Header object at 0x000001D882275240>\nstrategy = 'css selector', locator = 'a.ico-logout', timeout = 5\n\n    def find_element(self, strategy, locator, timeout=5) -> WebElement:\n        \"\"\"\n        Поиск элемента на странице.\n    \n        :param strategy: способ поиска элемента.\n        :param locator: локатор.\n        :param timeout: время ожидания.\n        :return: элемент.\n        \"\"\"\n        try:\n            return WebDriverWait(self.driver, timeout).until(ec.presence_of_element_located((strategy, locator)))\n        except TimeoutException:\n>           raise AssertionError(f'В течение {timeout} секунд не был найден элемент с локатором: {(strategy, locator)}')\nE           AssertionError: В течение 5 секунд не был найден элемент с локатором: ('css selector', 'a.ico-logout')\n\npages\\base_page.py:139: AssertionError","steps":[],"attachments":[{"uid":"1fcd48eeac5574e8","name":"stderr","source":"1fcd48eeac5574e8.txt","type":"text/plain","size":235}],"parameters":[],"shouldDisplayMessage":true,"attachmentsCount":1,"hasContent":true,"stepsCount":0},"afterStages":[{"name":"browser::0","time":{"start":1673046558721,"stop":1673046562454,"duration":3733},"status":"passed","steps":[],"attachments":[],"parameters":[],"shouldDisplayMessage":false,"attachmentsCount":0,"hasContent":false,"stepsCount":0}],"labels":[{"name":"epic","value":"Frontend"},{"name":"feature","value":"Корзина"},{"name":"parentSuite","value":"tests"},{"name":"suite","value":"test_cart"},{"name":"subSuite","value":"TestCart"},{"name":"host","value":"fv-az89-93"},{"name":"thread","value":"5732-MainThread"},{"name":"framework","value":"pytest"},{"name":"language","value":"cpython3"},{"name":"package","value":"tests.test_cart"},{"name":"resultFormat","value":"allure2"}],"parameters":[],"links":[],"hidden":false,"retry":false,"extra":{"severity":"normal","retries":[],"categories":[{"name":"Product defects","matchedStatuses":[],"flaky":false}],"tags":[]},"source":"21e45d1b4baaba84.json","parameterValues":[]}