{"uid":"369143dec79f75f5","name":"Удаление товара из вишлиста","fullName":"tests.test_wishlist.TestCart#test_remove_product_from_wishlist","historyId":"b2cdd12b6f4dc88d5b6e6a2d63163555","time":{"start":1673644015683,"stop":1673644032407,"duration":16724},"status":"failed","statusMessage":"AssertionError: В течение 5 секунд не был доступен для клика элемент с локатором: ('id', 'bar-notification span.close')","statusTrace":"self = <pages.notification_bar.NotificationBar object at 0x00000198E9EB2C80>\nstrategy = 'id', locator = 'bar-notification span.close', timeout = 5\n\n    def find_element_clickable(self, strategy, locator, timeout=5) -> WebElement:\n        \"\"\"\n        Поиск элемента, по которому можно кликнуть.\n    \n        :param strategy: способ поиска элемента.\n        :param locator: локатор.\n        :param timeout: время ожидания.\n        :return: элемент.\n        \"\"\"\n        try:\n>           return WebDriverWait(self.driver, timeout).until(ec.element_to_be_clickable((strategy, locator)))\n\npages\\base_page.py:207: \n_ _ _ _ _ _ _ _ _ _ _ _ _ _ _ _ _ _ _ _ _ _ _ _ _ _ _ _ _ _ _ _ _ _ _ _ _ _ _ _\n\nself = <selenium.webdriver.support.wait.WebDriverWait (session=\"ceac65a469fd7ef4c5af2b44fdf7bc36\")>\nmethod = <function element_to_be_clickable.<locals>._predicate at 0x00000198E9EA1090>\nmessage = ''\n\n    def until(self, method, message: str = \"\"):\n        \"\"\"Calls the method provided with the driver as an argument until the \\\n        return value does not evaluate to ``False``.\n    \n        :param method: callable(WebDriver)\n        :param message: optional message for :exc:`TimeoutException`\n        :returns: the result of the last call to `method`\n        :raises: :exc:`selenium.common.exceptions.TimeoutException` if timeout occurs\n        \"\"\"\n        screen = None\n        stacktrace = None\n    \n        end_time = time.monotonic() + self._timeout\n        while True:\n            try:\n                value = method(self._driver)\n                if value:\n                    return value\n            except self._ignored_exceptions as exc:\n                screen = getattr(exc, \"screen\", None)\n                stacktrace = getattr(exc, \"stacktrace\", None)\n            time.sleep(self._poll)\n            if time.monotonic() > end_time:\n                break\n>       raise TimeoutException(message, screen, stacktrace)\nE       selenium.common.exceptions.TimeoutException: Message: \nE       Stacktrace:\nE       Backtrace:\nE       \t(No symbol) [0x011DF243]\nE       \t(No symbol) [0x01167FD1]\nE       \t(No symbol) [0x0105D04D]\nE       \t(No symbol) [0x0108C0B0]\nE       \t(No symbol) [0x0108C22B]\nE       \t(No symbol) [0x010BE612]\nE       \t(No symbol) [0x010A85D4]\nE       \t(No symbol) [0x010BC9EB]\nE       \t(No symbol) [0x010A8386]\nE       \t(No symbol) [0x0108163C]\nE       \t(No symbol) [0x0108269D]\nE       \tGetHandleVerifier [0x01479A22+2655074]\nE       \tGetHandleVerifier [0x0146CA24+2601828]\nE       \tGetHandleVerifier [0x01288C0A+619850]\nE       \tGetHandleVerifier [0x01287830+614768]\nE       \t(No symbol) [0x011705FC]\nE       \t(No symbol) [0x01175968]\nE       \t(No symbol) [0x01175A55]\nE       \t(No symbol) [0x0118051B]\nE       \tBaseThreadInitThunk [0x76C26A39+25]\nE       \tRtlGetFullPathName_UEx [0x77CC7D1D+173]\nE       \tRtlGetFullPathName_UEx [0x77CC7CEB+123]\n\nC:\\hostedtoolcache\\windows\\Python\\3.10.9\\x64\\lib\\site-packages\\selenium\\webdriver\\support\\wait.py:95: TimeoutException\n\nDuring handling of the above exception, another exception occurred:\n\nself = <tests.test_wishlist.TestCart object at 0x00000198E9580E80>\nheader = <pages.header.Header object at 0x00000198E9EB2440>\nwishlist_page = <pages.wishlist_page.WishlistPage object at 0x00000198E9EB1F30>\nadd_product_to_wishlist_by_unauthorized_user = <function add_product_to_wishlist_by_unauthorized_user.<locals>.wrapper at 0x00000198E9EBAB90>\n\n    @title('Удаление товара из вишлиста')\n    def test_remove_product_from_wishlist(self, header, wishlist_page, add_product_to_wishlist_by_unauthorized_user):\n>       product_name = add_product_to_wishlist_by_unauthorized_user()[0]['name']\n\ntests\\test_wishlist.py:36: \n_ _ _ _ _ _ _ _ _ _ _ _ _ _ _ _ _ _ _ _ _ _ _ _ _ _ _ _ _ _ _ _ _ _ _ _ _ _ _ _\nfixtures\\ui.py:217: in wrapper\n    notification_bar.close_notification()\nutils\\steps.py:29: in impl\n    step_result = func(*args, **kwargs)\npages\\notification_bar.py:57: in close_notification\n    self.find_element_clickable(*Locators.CLOSE_NOTIFICATION)\n_ _ _ _ _ _ _ _ _ _ _ _ _ _ _ _ _ _ _ _ _ _ _ _ _ _ _ _ _ _ _ _ _ _ _ _ _ _ _ _\n\nself = <pages.notification_bar.NotificationBar object at 0x00000198E9EB2C80>\nstrategy = 'id', locator = 'bar-notification span.close', timeout = 5\n\n    def find_element_clickable(self, strategy, locator, timeout=5) -> WebElement:\n        \"\"\"\n        Поиск элемента, по которому можно кликнуть.\n    \n        :param strategy: способ поиска элемента.\n        :param locator: локатор.\n        :param timeout: время ожидания.\n        :return: элемент.\n        \"\"\"\n        try:\n            return WebDriverWait(self.driver, timeout).until(ec.element_to_be_clickable((strategy, locator)))\n        except TimeoutException:\n>           raise AssertionError(\n                f'В течение {timeout} секунд не был доступен для клика элемент с локатором: {(strategy, locator)}',\n            )\nE           AssertionError: В течение 5 секунд не был доступен для клика элемент с локатором: ('id', 'bar-notification span.close')\n\npages\\base_page.py:209: AssertionError","flaky":false,"newFailed":false,"newBroken":false,"newPassed":false,"retriesCount":1,"retriesStatusChange":false,"beforeStages":[{"name":"browser","time":{"start":1673644011738,"stop":1673644015682,"duration":3944},"status":"passed","steps":[],"attachments":[],"parameters":[],"stepsCount":0,"hasContent":false,"shouldDisplayMessage":false,"attachmentsCount":0},{"name":"header","time":{"start":1673644015682,"stop":1673644015682,"duration":0},"status":"passed","steps":[],"attachments":[],"parameters":[],"stepsCount":0,"hasContent":false,"shouldDisplayMessage":false,"attachmentsCount":0},{"name":"add_product_to_wishlist_by_unauthorized_user","time":{"start":1673644015682,"stop":1673644015683,"duration":1},"status":"passed","steps":[],"attachments":[],"parameters":[],"stepsCount":0,"hasContent":false,"shouldDisplayMessage":false,"attachmentsCount":0},{"name":"wishlist_page","time":{"start":1673644015682,"stop":1673644015682,"duration":0},"status":"passed","steps":[],"attachments":[],"parameters":[],"stepsCount":0,"hasContent":false,"shouldDisplayMessage":false,"attachmentsCount":0},{"name":"notification_bar","time":{"start":1673644015682,"stop":1673644015682,"duration":0},"status":"passed","steps":[],"attachments":[],"parameters":[],"stepsCount":0,"hasContent":false,"shouldDisplayMessage":false,"attachmentsCount":0},{"name":"product_card_page","time":{"start":1673644015682,"stop":1673644015682,"duration":0},"status":"passed","steps":[],"attachments":[],"parameters":[],"stepsCount":0,"hasContent":false,"shouldDisplayMessage":false,"attachmentsCount":0}],"testStage":{"status":"failed","statusMessage":"AssertionError: В течение 5 секунд не был доступен для клика элемент с локатором: ('id', 'bar-notification span.close')","statusTrace":"self = <pages.notification_bar.NotificationBar object at 0x00000198E9EB2C80>\nstrategy = 'id', locator = 'bar-notification span.close', timeout = 5\n\n    def find_element_clickable(self, strategy, locator, timeout=5) -> WebElement:\n        \"\"\"\n        Поиск элемента, по которому можно кликнуть.\n    \n        :param strategy: способ поиска элемента.\n        :param locator: локатор.\n        :param timeout: время ожидания.\n        :return: элемент.\n        \"\"\"\n        try:\n>           return WebDriverWait(self.driver, timeout).until(ec.element_to_be_clickable((strategy, locator)))\n\npages\\base_page.py:207: \n_ _ _ _ _ _ _ _ _ _ _ _ _ _ _ _ _ _ _ _ _ _ _ _ _ _ _ _ _ _ _ _ _ _ _ _ _ _ _ _\n\nself = <selenium.webdriver.support.wait.WebDriverWait (session=\"ceac65a469fd7ef4c5af2b44fdf7bc36\")>\nmethod = <function element_to_be_clickable.<locals>._predicate at 0x00000198E9EA1090>\nmessage = ''\n\n    def until(self, method, message: str = \"\"):\n        \"\"\"Calls the method provided with the driver as an argument until the \\\n        return value does not evaluate to ``False``.\n    \n        :param method: callable(WebDriver)\n        :param message: optional message for :exc:`TimeoutException`\n        :returns: the result of the last call to `method`\n        :raises: :exc:`selenium.common.exceptions.TimeoutException` if timeout occurs\n        \"\"\"\n        screen = None\n        stacktrace = None\n    \n        end_time = time.monotonic() + self._timeout\n        while True:\n            try:\n                value = method(self._driver)\n                if value:\n                    return value\n            except self._ignored_exceptions as exc:\n                screen = getattr(exc, \"screen\", None)\n                stacktrace = getattr(exc, \"stacktrace\", None)\n            time.sleep(self._poll)\n            if time.monotonic() > end_time:\n                break\n>       raise TimeoutException(message, screen, stacktrace)\nE       selenium.common.exceptions.TimeoutException: Message: \nE       Stacktrace:\nE       Backtrace:\nE       \t(No symbol) [0x011DF243]\nE       \t(No symbol) [0x01167FD1]\nE       \t(No symbol) [0x0105D04D]\nE       \t(No symbol) [0x0108C0B0]\nE       \t(No symbol) [0x0108C22B]\nE       \t(No symbol) [0x010BE612]\nE       \t(No symbol) [0x010A85D4]\nE       \t(No symbol) [0x010BC9EB]\nE       \t(No symbol) [0x010A8386]\nE       \t(No symbol) [0x0108163C]\nE       \t(No symbol) [0x0108269D]\nE       \tGetHandleVerifier [0x01479A22+2655074]\nE       \tGetHandleVerifier [0x0146CA24+2601828]\nE       \tGetHandleVerifier [0x01288C0A+619850]\nE       \tGetHandleVerifier [0x01287830+614768]\nE       \t(No symbol) [0x011705FC]\nE       \t(No symbol) [0x01175968]\nE       \t(No symbol) [0x01175A55]\nE       \t(No symbol) [0x0118051B]\nE       \tBaseThreadInitThunk [0x76C26A39+25]\nE       \tRtlGetFullPathName_UEx [0x77CC7D1D+173]\nE       \tRtlGetFullPathName_UEx [0x77CC7CEB+123]\n\nC:\\hostedtoolcache\\windows\\Python\\3.10.9\\x64\\lib\\site-packages\\selenium\\webdriver\\support\\wait.py:95: TimeoutException\n\nDuring handling of the above exception, another exception occurred:\n\nself = <tests.test_wishlist.TestCart object at 0x00000198E9580E80>\nheader = <pages.header.Header object at 0x00000198E9EB2440>\nwishlist_page = <pages.wishlist_page.WishlistPage object at 0x00000198E9EB1F30>\nadd_product_to_wishlist_by_unauthorized_user = <function add_product_to_wishlist_by_unauthorized_user.<locals>.wrapper at 0x00000198E9EBAB90>\n\n    @title('Удаление товара из вишлиста')\n    def test_remove_product_from_wishlist(self, header, wishlist_page, add_product_to_wishlist_by_unauthorized_user):\n>       product_name = add_product_to_wishlist_by_unauthorized_user()[0]['name']\n\ntests\\test_wishlist.py:36: \n_ _ _ _ _ _ _ _ _ _ _ _ _ _ _ _ _ _ _ _ _ _ _ _ _ _ _ _ _ _ _ _ _ _ _ _ _ _ _ _\nfixtures\\ui.py:217: in wrapper\n    notification_bar.close_notification()\nutils\\steps.py:29: in impl\n    step_result = func(*args, **kwargs)\npages\\notification_bar.py:57: in close_notification\n    self.find_element_clickable(*Locators.CLOSE_NOTIFICATION)\n_ _ _ _ _ _ _ _ _ _ _ _ _ _ _ _ _ _ _ _ _ _ _ _ _ _ _ _ _ _ _ _ _ _ _ _ _ _ _ _\n\nself = <pages.notification_bar.NotificationBar object at 0x00000198E9EB2C80>\nstrategy = 'id', locator = 'bar-notification span.close', timeout = 5\n\n    def find_element_clickable(self, strategy, locator, timeout=5) -> WebElement:\n        \"\"\"\n        Поиск элемента, по которому можно кликнуть.\n    \n        :param strategy: способ поиска элемента.\n        :param locator: локатор.\n        :param timeout: время ожидания.\n        :return: элемент.\n        \"\"\"\n        try:\n            return WebDriverWait(self.driver, timeout).until(ec.element_to_be_clickable((strategy, locator)))\n        except TimeoutException:\n>           raise AssertionError(\n                f'В течение {timeout} секунд не был доступен для клика элемент с локатором: {(strategy, locator)}',\n            )\nE           AssertionError: В течение 5 секунд не был доступен для клика элемент с локатором: ('id', 'bar-notification span.close')\n\npages\\base_page.py:209: AssertionError","steps":[{"name":"Добавить товар в вишлист","time":{"start":1673644024181,"stop":1673644025602,"duration":1421},"status":"passed","steps":[{"name":"Указать количество товара: 1","time":{"start":1673644025251,"stop":1673644025412,"duration":161},"status":"passed","steps":[],"attachments":[],"parameters":[],"stepsCount":0,"hasContent":false,"shouldDisplayMessage":false,"attachmentsCount":0},{"name":"Кликнуть по кнопке \"Add to wishlist\"","time":{"start":1673644025412,"stop":1673644025505,"duration":93},"status":"passed","steps":[],"attachments":[],"parameters":[],"stepsCount":0,"hasContent":false,"shouldDisplayMessage":false,"attachmentsCount":0}],"attachments":[{"uid":"a0dc23b6d5035afd","name":"Screenshot","source":"a0dc23b6d5035afd.png","type":"image/png","size":78673}],"parameters":[{"name":"quantity","value":"1"},{"name":"is_new_sender","value":"False"}],"stepsCount":2,"hasContent":true,"shouldDisplayMessage":false,"attachmentsCount":1},{"name":"Проверить, что появилось сообщение о добавлении товара в вишлист","time":{"start":1673644025602,"stop":1673644026306,"duration":704},"status":"passed","steps":[{"name":"Проверить, что сообщение появилось","time":{"start":1673644025602,"stop":1673644026155,"duration":553},"status":"passed","steps":[],"attachments":[],"parameters":[],"stepsCount":0,"hasContent":false,"shouldDisplayMessage":false,"attachmentsCount":0},{"name":"Проверить текст сообщения","time":{"start":1673644026155,"stop":1673644026210,"duration":55},"status":"passed","steps":[],"attachments":[],"parameters":[],"stepsCount":0,"hasContent":false,"shouldDisplayMessage":false,"attachmentsCount":0}],"attachments":[{"uid":"7b5757d9fb3bf76d","name":"Screenshot","source":"7b5757d9fb3bf76d.png","type":"image/png","size":80872}],"parameters":[],"stepsCount":2,"hasContent":true,"shouldDisplayMessage":false,"attachmentsCount":1},{"name":"Закрыть уведомление","time":{"start":1673644026306,"stop":1673644032406,"duration":6100},"status":"failed","statusMessage":"AssertionError: В течение 5 секунд не был доступен для клика элемент с локатором: ('id', 'bar-notification span.close')\n","statusTrace":"  File \"D:\\a\\demo_web_shop\\demo_web_shop\\utils\\steps.py\", line 29, in impl\n    step_result = func(*args, **kwargs)\n  File \"D:\\a\\demo_web_shop\\demo_web_shop\\pages\\notification_bar.py\", line 57, in close_notification\n    self.find_element_clickable(*Locators.CLOSE_NOTIFICATION)\n  File \"D:\\a\\demo_web_shop\\demo_web_shop\\pages\\base_page.py\", line 209, in find_element_clickable\n    raise AssertionError(\n","steps":[],"attachments":[{"uid":"41b1086cf9984155","name":"Screenshot","source":"41b1086cf9984155.png","type":"image/png","size":78725}],"parameters":[],"stepsCount":0,"hasContent":true,"shouldDisplayMessage":true,"attachmentsCount":1}],"attachments":[],"parameters":[],"stepsCount":7,"hasContent":true,"shouldDisplayMessage":true,"attachmentsCount":3},"afterStages":[{"name":"browser::0","time":{"start":1673644036622,"stop":1673644038743,"duration":2121},"status":"passed","steps":[],"attachments":[],"parameters":[],"stepsCount":0,"hasContent":false,"shouldDisplayMessage":false,"attachmentsCount":0}],"labels":[{"name":"epic","value":"Frontend"},{"name":"feature","value":"Вишлист"},{"name":"parentSuite","value":"tests"},{"name":"suite","value":"test_wishlist"},{"name":"subSuite","value":"TestCart"},{"name":"host","value":"fv-az365-755"},{"name":"thread","value":"1112-MainThread"},{"name":"framework","value":"pytest"},{"name":"language","value":"cpython3"},{"name":"package","value":"tests.test_wishlist"},{"name":"resultFormat","value":"allure2"}],"parameters":[],"links":[],"hidden":false,"retry":false,"extra":{"severity":"normal","retries":[{"uid":"b1e4d6229e4b5494","status":"failed","statusDetails":"AssertionError: Текущий текст сообщения: Enter valid sender name не соответствует ожидаемому: The product has been added to your wishlist","time":{"start":1673643991039,"stop":1673644002991,"duration":11952}}],"categories":[{"name":"Product defects","matchedStatuses":[],"flaky":false}],"tags":[]},"source":"369143dec79f75f5.json","parameterValues":[]}