{"uid":"755947168fd89e18","name":"Добавление товара в корзину из карточки заказа авторизованным пользователем","fullName":"tests.test_cart.TestCart#test_add_product_to_cart_from_product_card_by_authorized_user","historyId":"fc4ab9173cebac8ec6e602935848959e","time":{"start":1673646040816,"stop":1673646040816,"duration":0},"status":"failed","statusMessage":"AssertionError: В течение 5 секунд не был найден элемент с локатором: ('css selector', 'a.ico-logout')","statusTrace":"self = <pages.header.Header object at 0x000001960A85E0E0>\nstrategy = 'css selector', locator = 'a.ico-logout', timeout = 5\n\n    def find_element(self, strategy, locator, timeout=5) -> WebElement:\n        \"\"\"\n        Поиск элемента на странице.\n    \n        :param strategy: способ поиска элемента.\n        :param locator: локатор.\n        :param timeout: время ожидания.\n        :return: элемент.\n        \"\"\"\n        try:\n>           return WebDriverWait(self.driver, timeout).until(ec.presence_of_element_located((strategy, locator)))\n\npages\\base_page.py:145: \n_ _ _ _ _ _ _ _ _ _ _ _ _ _ _ _ _ _ _ _ _ _ _ _ _ _ _ _ _ _ _ _ _ _ _ _ _ _ _ _\n\nself = <selenium.webdriver.support.wait.WebDriverWait (session=\"020e559d7d03c529d74e64f5f21f29f2\")>\nmethod = <function presence_of_element_located.<locals>._predicate at 0x000001960B167C70>\nmessage = ''\n\n    def until(self, method, message: str = \"\"):\n        \"\"\"Calls the method provided with the driver as an argument until the \\\n        return value does not evaluate to ``False``.\n    \n        :param method: callable(WebDriver)\n        :param message: optional message for :exc:`TimeoutException`\n        :returns: the result of the last call to `method`\n        :raises: :exc:`selenium.common.exceptions.TimeoutException` if timeout occurs\n        \"\"\"\n        screen = None\n        stacktrace = None\n    \n        end_time = time.monotonic() + self._timeout\n        while True:\n            try:\n                value = method(self._driver)\n                if value:\n                    return value\n            except self._ignored_exceptions as exc:\n                screen = getattr(exc, \"screen\", None)\n                stacktrace = getattr(exc, \"stacktrace\", None)\n            time.sleep(self._poll)\n            if time.monotonic() > end_time:\n                break\n>       raise TimeoutException(message, screen, stacktrace)\nE       selenium.common.exceptions.TimeoutException: Message: \nE       Stacktrace:\nE       Backtrace:\nE       \t(No symbol) [0x00DAF243]\nE       \t(No symbol) [0x00D37FD1]\nE       \t(No symbol) [0x00C2D04D]\nE       \t(No symbol) [0x00C5C0B0]\nE       \t(No symbol) [0x00C5C22B]\nE       \t(No symbol) [0x00C8E612]\nE       \t(No symbol) [0x00C785D4]\nE       \t(No symbol) [0x00C8C9EB]\nE       \t(No symbol) [0x00C78386]\nE       \t(No symbol) [0x00C5163C]\nE       \t(No symbol) [0x00C5269D]\nE       \tGetHandleVerifier [0x01049A22+2655074]\nE       \tGetHandleVerifier [0x0103CA24+2601828]\nE       \tGetHandleVerifier [0x00E58C0A+619850]\nE       \tGetHandleVerifier [0x00E57830+614768]\nE       \t(No symbol) [0x00D405FC]\nE       \t(No symbol) [0x00D45968]\nE       \t(No symbol) [0x00D45A55]\nE       \t(No symbol) [0x00D5051B]\nE       \tBaseThreadInitThunk [0x777E6A39+25]\nE       \tRtlGetFullPathName_UEx [0x77B97D1D+173]\nE       \tRtlGetFullPathName_UEx [0x77B97CEB+123]\n\nC:\\hostedtoolcache\\windows\\Python\\3.10.9\\x64\\lib\\site-packages\\selenium\\webdriver\\support\\wait.py:95: TimeoutException\n\nDuring handling of the above exception, another exception occurred:\n\nheader = <pages.header.Header object at 0x000001960A85E0E0>\nregistration_page = <pages.registration_page.RegistrationPage object at 0x000001960B14E2C0>\nmain_page = <pages.main_page.MainPage object at 0x000001960A85EC80>\n\n    @fixture(scope='function')\n    def create_user(header, registration_page, main_page):\n        \"\"\"\n        Создание пользователя.\n        \"\"\"\n    \n        user = UserData()\n        firstname = user.firstname()\n        lastname = user.lastname()\n        email = user.email()\n        password = user.password()\n    \n        main_page.open()\n        header.go_to_register_page()\n        registration_page.fill_registration_form(\n            is_random=False,\n            firstname=firstname,\n            lastname=lastname,\n            email=email,\n            password=password,\n        )\n        registration_page.click_on_register_button()\n>       header.logout_user()\n\nfixtures\\ui.py:100: \n_ _ _ _ _ _ _ _ _ _ _ _ _ _ _ _ _ _ _ _ _ _ _ _ _ _ _ _ _ _ _ _ _ _ _ _ _ _ _ _\nutils\\steps.py:29: in impl\n    step_result = func(*args, **kwargs)\npages\\header.py:31: in logout_user\n    self.find_element(*Locators.LOGOUT_LINK).click()\n_ _ _ _ _ _ _ _ _ _ _ _ _ _ _ _ _ _ _ _ _ _ _ _ _ _ _ _ _ _ _ _ _ _ _ _ _ _ _ _\n\nself = <pages.header.Header object at 0x000001960A85E0E0>\nstrategy = 'css selector', locator = 'a.ico-logout', timeout = 5\n\n    def find_element(self, strategy, locator, timeout=5) -> WebElement:\n        \"\"\"\n        Поиск элемента на странице.\n    \n        :param strategy: способ поиска элемента.\n        :param locator: локатор.\n        :param timeout: время ожидания.\n        :return: элемент.\n        \"\"\"\n        try:\n            return WebDriverWait(self.driver, timeout).until(ec.presence_of_element_located((strategy, locator)))\n        except TimeoutException:\n>           raise AssertionError(f'В течение {timeout} секунд не был найден элемент с локатором: {(strategy, locator)}')\nE           AssertionError: В течение 5 секунд не был найден элемент с локатором: ('css selector', 'a.ico-logout')\n\npages\\base_page.py:147: AssertionError","flaky":false,"newFailed":false,"newBroken":false,"newPassed":false,"retriesCount":0,"retriesStatusChange":false,"beforeStages":[{"name":"browser","time":{"start":1673646040816,"stop":1673646070306,"duration":29490},"status":"passed","steps":[],"attachments":[],"parameters":[],"attachmentsCount":0,"shouldDisplayMessage":false,"stepsCount":0,"hasContent":false},{"name":"login_page","time":{"start":1673646070306,"stop":1673646070306,"duration":0},"status":"passed","steps":[],"attachments":[],"parameters":[],"attachmentsCount":0,"shouldDisplayMessage":false,"stepsCount":0,"hasContent":false},{"name":"catalog_page","time":{"start":1673646070306,"stop":1673646070306,"duration":0},"status":"passed","steps":[],"attachments":[],"parameters":[],"attachmentsCount":0,"shouldDisplayMessage":false,"stepsCount":0,"hasContent":false},{"name":"product_card_page","time":{"start":1673646070306,"stop":1673646070306,"duration":0},"status":"passed","steps":[],"attachments":[],"parameters":[],"attachmentsCount":0,"shouldDisplayMessage":false,"stepsCount":0,"hasContent":false},{"name":"header","time":{"start":1673646070306,"stop":1673646070306,"duration":0},"status":"passed","steps":[],"attachments":[],"parameters":[],"attachmentsCount":0,"shouldDisplayMessage":false,"stepsCount":0,"hasContent":false},{"name":"main_page","time":{"start":1673646070306,"stop":1673646070306,"duration":0},"status":"passed","steps":[],"attachments":[],"parameters":[],"attachmentsCount":0,"shouldDisplayMessage":false,"stepsCount":0,"hasContent":false},{"name":"cart_page","time":{"start":1673646070306,"stop":1673646070306,"duration":0},"status":"passed","steps":[],"attachments":[],"parameters":[],"attachmentsCount":0,"shouldDisplayMessage":false,"stepsCount":0,"hasContent":false},{"name":"create_user","time":{"start":1673646070307,"stop":1673646088607,"duration":18300},"status":"failed","statusMessage":"AssertionError: В течение 5 секунд не был найден элемент с локатором: ('css selector', 'a.ico-logout')\n","statusTrace":"  File \"C:\\hostedtoolcache\\windows\\Python\\3.10.9\\x64\\lib\\site-packages\\pluggy\\_callers.py\", line 39, in _multicall\n    res = hook_impl.function(*args)\n  File \"C:\\hostedtoolcache\\windows\\Python\\3.10.9\\x64\\lib\\site-packages\\_pytest\\fixtures.py\", line 1128, in pytest_fixture_setup\n    result = call_fixture_func(fixturefunc, request, kwargs)\n  File \"C:\\hostedtoolcache\\windows\\Python\\3.10.9\\x64\\lib\\site-packages\\_pytest\\fixtures.py\", line 907, in call_fixture_func\n    fixture_result = fixturefunc(**kwargs)\n  File \"D:\\a\\demo_web_shop\\demo_web_shop\\fixtures\\ui.py\", line 100, in create_user\n    header.logout_user()\n  File \"D:\\a\\demo_web_shop\\demo_web_shop\\utils\\steps.py\", line 29, in impl\n    step_result = func(*args, **kwargs)\n  File \"D:\\a\\demo_web_shop\\demo_web_shop\\pages\\header.py\", line 31, in logout_user\n    self.find_element(*Locators.LOGOUT_LINK).click()\n  File \"D:\\a\\demo_web_shop\\demo_web_shop\\pages\\base_page.py\", line 147, in find_element\n    raise AssertionError(f'В течение {timeout} секунд не был найден элемент с локатором: {(strategy, locator)}')\n","steps":[{"name":"Перейти на страницу регистрации","time":{"start":1673646076013,"stop":1673646077067,"duration":1054},"status":"passed","steps":[],"attachments":[{"uid":"5985ea6a283d3962","name":"Screenshot","source":"5985ea6a283d3962.png","type":"image/png","size":48314}],"parameters":[],"attachmentsCount":1,"shouldDisplayMessage":false,"stepsCount":0,"hasContent":true},{"name":"Заполнить форму регистрации","time":{"start":1673646077068,"stop":1673646078488,"duration":1420},"status":"passed","steps":[{"name":"Заполнить поле \"First name\" значением: Фредерика","time":{"start":1673646077068,"stop":1673646077276,"duration":208},"status":"passed","steps":[],"attachments":[],"parameters":[],"attachmentsCount":0,"shouldDisplayMessage":false,"stepsCount":0,"hasContent":false},{"name":"Заполнить поле \"Last name\" значением: Серебрянская","time":{"start":1673646077276,"stop":1673646077468,"duration":192},"status":"passed","steps":[],"attachments":[],"parameters":[],"attachmentsCount":0,"shouldDisplayMessage":false,"stepsCount":0,"hasContent":false},{"name":"Заполнить поле \"Email\" значением: tourism1925@example.org","time":{"start":1673646077468,"stop":1673646077762,"duration":294},"status":"passed","steps":[],"attachments":[],"parameters":[],"attachmentsCount":0,"shouldDisplayMessage":false,"stepsCount":0,"hasContent":false},{"name":"Заполнить поле \"Password\" значением: ^VEj2b</","time":{"start":1673646077762,"stop":1673646078111,"duration":349},"status":"passed","steps":[],"attachments":[],"parameters":[],"attachmentsCount":0,"shouldDisplayMessage":false,"stepsCount":0,"hasContent":false},{"name":"Заполнить поле \"Confirm password\" значением: ^VEj2b</","time":{"start":1673646078111,"stop":1673646078399,"duration":288},"status":"passed","steps":[],"attachments":[],"parameters":[],"attachmentsCount":0,"shouldDisplayMessage":false,"stepsCount":0,"hasContent":false}],"attachments":[{"uid":"3aa1ba75eca830d0","name":"Screenshot","source":"3aa1ba75eca830d0.png","type":"image/png","size":52940}],"parameters":[{"name":"gender","value":"None"},{"name":"firstname","value":"'Фредерика'"},{"name":"lastname","value":"'Серебрянская'"},{"name":"email","value":"'tourism1925@example.org'"},{"name":"password","value":"'^VEj2b</'"},{"name":"confirm_password","value":"None"},{"name":"is_random","value":"False"}],"attachmentsCount":1,"shouldDisplayMessage":false,"stepsCount":5,"hasContent":true},{"name":"Кликнуть по кнопке \"Register\"","time":{"start":1673646078488,"stop":1673646080936,"duration":2448},"status":"passed","steps":[],"attachments":[{"uid":"38ecd7aa80534f8f","name":"Screenshot","source":"38ecd7aa80534f8f.png","type":"image/png","size":33432}],"parameters":[],"attachmentsCount":1,"shouldDisplayMessage":false,"stepsCount":0,"hasContent":true},{"name":"Выйти из профиля пользователя","time":{"start":1673646080936,"stop":1673646088606,"duration":7670},"status":"failed","statusMessage":"AssertionError: В течение 5 секунд не был найден элемент с локатором: ('css selector', 'a.ico-logout')\n","statusTrace":"  File \"D:\\a\\demo_web_shop\\demo_web_shop\\utils\\steps.py\", line 29, in impl\n    step_result = func(*args, **kwargs)\n  File \"D:\\a\\demo_web_shop\\demo_web_shop\\pages\\header.py\", line 31, in logout_user\n    self.find_element(*Locators.LOGOUT_LINK).click()\n  File \"D:\\a\\demo_web_shop\\demo_web_shop\\pages\\base_page.py\", line 147, in find_element\n    raise AssertionError(f'В течение {timeout} секунд не был найден элемент с локатором: {(strategy, locator)}')\n","steps":[],"attachments":[{"uid":"3405c10499337d46","name":"Screenshot","source":"3405c10499337d46.png","type":"image/png","size":33432}],"parameters":[],"attachmentsCount":1,"shouldDisplayMessage":true,"stepsCount":0,"hasContent":true}],"attachments":[],"parameters":[],"attachmentsCount":4,"shouldDisplayMessage":false,"stepsCount":9,"hasContent":true},{"name":"registration_page","time":{"start":1673646070307,"stop":1673646070307,"duration":0},"status":"passed","steps":[],"attachments":[],"parameters":[],"attachmentsCount":0,"shouldDisplayMessage":false,"stepsCount":0,"hasContent":false}],"testStage":{"status":"failed","statusMessage":"AssertionError: В течение 5 секунд не был найден элемент с локатором: ('css selector', 'a.ico-logout')","statusTrace":"self = <pages.header.Header object at 0x000001960A85E0E0>\nstrategy = 'css selector', locator = 'a.ico-logout', timeout = 5\n\n    def find_element(self, strategy, locator, timeout=5) -> WebElement:\n        \"\"\"\n        Поиск элемента на странице.\n    \n        :param strategy: способ поиска элемента.\n        :param locator: локатор.\n        :param timeout: время ожидания.\n        :return: элемент.\n        \"\"\"\n        try:\n>           return WebDriverWait(self.driver, timeout).until(ec.presence_of_element_located((strategy, locator)))\n\npages\\base_page.py:145: \n_ _ _ _ _ _ _ _ _ _ _ _ _ _ _ _ _ _ _ _ _ _ _ _ _ _ _ _ _ _ _ _ _ _ _ _ _ _ _ _\n\nself = <selenium.webdriver.support.wait.WebDriverWait (session=\"020e559d7d03c529d74e64f5f21f29f2\")>\nmethod = <function presence_of_element_located.<locals>._predicate at 0x000001960B167C70>\nmessage = ''\n\n    def until(self, method, message: str = \"\"):\n        \"\"\"Calls the method provided with the driver as an argument until the \\\n        return value does not evaluate to ``False``.\n    \n        :param method: callable(WebDriver)\n        :param message: optional message for :exc:`TimeoutException`\n        :returns: the result of the last call to `method`\n        :raises: :exc:`selenium.common.exceptions.TimeoutException` if timeout occurs\n        \"\"\"\n        screen = None\n        stacktrace = None\n    \n        end_time = time.monotonic() + self._timeout\n        while True:\n            try:\n                value = method(self._driver)\n                if value:\n                    return value\n            except self._ignored_exceptions as exc:\n                screen = getattr(exc, \"screen\", None)\n                stacktrace = getattr(exc, \"stacktrace\", None)\n            time.sleep(self._poll)\n            if time.monotonic() > end_time:\n                break\n>       raise TimeoutException(message, screen, stacktrace)\nE       selenium.common.exceptions.TimeoutException: Message: \nE       Stacktrace:\nE       Backtrace:\nE       \t(No symbol) [0x00DAF243]\nE       \t(No symbol) [0x00D37FD1]\nE       \t(No symbol) [0x00C2D04D]\nE       \t(No symbol) [0x00C5C0B0]\nE       \t(No symbol) [0x00C5C22B]\nE       \t(No symbol) [0x00C8E612]\nE       \t(No symbol) [0x00C785D4]\nE       \t(No symbol) [0x00C8C9EB]\nE       \t(No symbol) [0x00C78386]\nE       \t(No symbol) [0x00C5163C]\nE       \t(No symbol) [0x00C5269D]\nE       \tGetHandleVerifier [0x01049A22+2655074]\nE       \tGetHandleVerifier [0x0103CA24+2601828]\nE       \tGetHandleVerifier [0x00E58C0A+619850]\nE       \tGetHandleVerifier [0x00E57830+614768]\nE       \t(No symbol) [0x00D405FC]\nE       \t(No symbol) [0x00D45968]\nE       \t(No symbol) [0x00D45A55]\nE       \t(No symbol) [0x00D5051B]\nE       \tBaseThreadInitThunk [0x777E6A39+25]\nE       \tRtlGetFullPathName_UEx [0x77B97D1D+173]\nE       \tRtlGetFullPathName_UEx [0x77B97CEB+123]\n\nC:\\hostedtoolcache\\windows\\Python\\3.10.9\\x64\\lib\\site-packages\\selenium\\webdriver\\support\\wait.py:95: TimeoutException\n\nDuring handling of the above exception, another exception occurred:\n\nheader = <pages.header.Header object at 0x000001960A85E0E0>\nregistration_page = <pages.registration_page.RegistrationPage object at 0x000001960B14E2C0>\nmain_page = <pages.main_page.MainPage object at 0x000001960A85EC80>\n\n    @fixture(scope='function')\n    def create_user(header, registration_page, main_page):\n        \"\"\"\n        Создание пользователя.\n        \"\"\"\n    \n        user = UserData()\n        firstname = user.firstname()\n        lastname = user.lastname()\n        email = user.email()\n        password = user.password()\n    \n        main_page.open()\n        header.go_to_register_page()\n        registration_page.fill_registration_form(\n            is_random=False,\n            firstname=firstname,\n            lastname=lastname,\n            email=email,\n            password=password,\n        )\n        registration_page.click_on_register_button()\n>       header.logout_user()\n\nfixtures\\ui.py:100: \n_ _ _ _ _ _ _ _ _ _ _ _ _ _ _ _ _ _ _ _ _ _ _ _ _ _ _ _ _ _ _ _ _ _ _ _ _ _ _ _\nutils\\steps.py:29: in impl\n    step_result = func(*args, **kwargs)\npages\\header.py:31: in logout_user\n    self.find_element(*Locators.LOGOUT_LINK).click()\n_ _ _ _ _ _ _ _ _ _ _ _ _ _ _ _ _ _ _ _ _ _ _ _ _ _ _ _ _ _ _ _ _ _ _ _ _ _ _ _\n\nself = <pages.header.Header object at 0x000001960A85E0E0>\nstrategy = 'css selector', locator = 'a.ico-logout', timeout = 5\n\n    def find_element(self, strategy, locator, timeout=5) -> WebElement:\n        \"\"\"\n        Поиск элемента на странице.\n    \n        :param strategy: способ поиска элемента.\n        :param locator: локатор.\n        :param timeout: время ожидания.\n        :return: элемент.\n        \"\"\"\n        try:\n            return WebDriverWait(self.driver, timeout).until(ec.presence_of_element_located((strategy, locator)))\n        except TimeoutException:\n>           raise AssertionError(f'В течение {timeout} секунд не был найден элемент с локатором: {(strategy, locator)}')\nE           AssertionError: В течение 5 секунд не был найден элемент с локатором: ('css selector', 'a.ico-logout')\n\npages\\base_page.py:147: AssertionError","steps":[],"attachments":[{"uid":"6bb899939040e848","name":"stderr","source":"6bb899939040e848.txt","type":"text/plain","size":327}],"parameters":[],"attachmentsCount":1,"shouldDisplayMessage":true,"stepsCount":0,"hasContent":true},"afterStages":[{"name":"browser::0","time":{"start":1673646088734,"stop":1673646093596,"duration":4862},"status":"passed","steps":[],"attachments":[],"parameters":[],"attachmentsCount":0,"shouldDisplayMessage":false,"stepsCount":0,"hasContent":false}],"labels":[{"name":"epic","value":"Frontend"},{"name":"feature","value":"Корзина"},{"name":"parentSuite","value":"tests"},{"name":"suite","value":"test_cart"},{"name":"subSuite","value":"TestCart"},{"name":"host","value":"fv-az416-444"},{"name":"thread","value":"2924-MainThread"},{"name":"framework","value":"pytest"},{"name":"language","value":"cpython3"},{"name":"package","value":"tests.test_cart"},{"name":"resultFormat","value":"allure2"}],"parameters":[],"links":[],"hidden":true,"retry":true,"extra":{"categories":[],"tags":[]},"source":"755947168fd89e18.json","parameterValues":[]}