{"uid":"99087c94d703693a","name":"Создание заказа c самовывозом неавторизованным пользователем","fullName":"tests.test_order.TestOrder#test_create_order_with_pick_up_by_guest","historyId":"a89ebb138fe3e9c6031d98127a0d056d","time":{"start":1673643907517,"stop":1673643979989,"duration":72472},"status":"failed","statusMessage":"AssertionError: В течение 5 секунд не был доступен для клика элемент с локатором: ('id', 'bar-notification span.close')","statusTrace":"self = <pages.notification_bar.NotificationBar object at 0x0000027C03AF54E0>\nstrategy = 'id', locator = 'bar-notification span.close', timeout = 5\n\n    def find_element_clickable(self, strategy, locator, timeout=5) -> WebElement:\n        \"\"\"\n        Поиск элемента, по которому можно кликнуть.\n    \n        :param strategy: способ поиска элемента.\n        :param locator: локатор.\n        :param timeout: время ожидания.\n        :return: элемент.\n        \"\"\"\n        try:\n>           return WebDriverWait(self.driver, timeout).until(ec.element_to_be_clickable((strategy, locator)))\n\npages\\base_page.py:207: \n_ _ _ _ _ _ _ _ _ _ _ _ _ _ _ _ _ _ _ _ _ _ _ _ _ _ _ _ _ _ _ _ _ _ _ _ _ _ _ _\n\nself = <selenium.webdriver.support.wait.WebDriverWait (session=\"604a3ae4003503e39d9d63bfc74e1780\")>\nmethod = <function element_to_be_clickable.<locals>._predicate at 0x0000027C03AF36D0>\nmessage = ''\n\n    def until(self, method, message: str = \"\"):\n        \"\"\"Calls the method provided with the driver as an argument until the \\\n        return value does not evaluate to ``False``.\n    \n        :param method: callable(WebDriver)\n        :param message: optional message for :exc:`TimeoutException`\n        :returns: the result of the last call to `method`\n        :raises: :exc:`selenium.common.exceptions.TimeoutException` if timeout occurs\n        \"\"\"\n        screen = None\n        stacktrace = None\n    \n        end_time = time.monotonic() + self._timeout\n        while True:\n            try:\n                value = method(self._driver)\n                if value:\n                    return value\n            except self._ignored_exceptions as exc:\n                screen = getattr(exc, \"screen\", None)\n                stacktrace = getattr(exc, \"stacktrace\", None)\n            time.sleep(self._poll)\n            if time.monotonic() > end_time:\n                break\n>       raise TimeoutException(message, screen, stacktrace)\nE       selenium.common.exceptions.TimeoutException: Message: \nE       Stacktrace:\nE       Backtrace:\nE       \t(No symbol) [0x00D3F243]\nE       \t(No symbol) [0x00CC7FD1]\nE       \t(No symbol) [0x00BBD04D]\nE       \t(No symbol) [0x00BEC0B0]\nE       \t(No symbol) [0x00BEC22B]\nE       \t(No symbol) [0x00C1E612]\nE       \t(No symbol) [0x00C085D4]\nE       \t(No symbol) [0x00C1C9EB]\nE       \t(No symbol) [0x00C08386]\nE       \t(No symbol) [0x00BE163C]\nE       \t(No symbol) [0x00BE269D]\nE       \tGetHandleVerifier [0x00FD9A22+2655074]\nE       \tGetHandleVerifier [0x00FCCA24+2601828]\nE       \tGetHandleVerifier [0x00DE8C0A+619850]\nE       \tGetHandleVerifier [0x00DE7830+614768]\nE       \t(No symbol) [0x00CD05FC]\nE       \t(No symbol) [0x00CD5968]\nE       \t(No symbol) [0x00CD5A55]\nE       \t(No symbol) [0x00CE051B]\nE       \tBaseThreadInitThunk [0x76C26A39+25]\nE       \tRtlGetFullPathName_UEx [0x77CC7D1D+173]\nE       \tRtlGetFullPathName_UEx [0x77CC7CEB+123]\n\nC:\\hostedtoolcache\\windows\\Python\\3.10.9\\x64\\lib\\site-packages\\selenium\\webdriver\\support\\wait.py:95: TimeoutException\n\nDuring handling of the above exception, another exception occurred:\n\nself = <tests.test_order.TestOrder object at 0x0000027C039AF940>\nheader = <pages.header.Header object at 0x0000027C03AE6680>\ncart_page = <pages.cart_page.CartPage object at 0x0000027C03AE4FA0>\ncheckout_as_guest_page = <pages.checkout_as_guest_page.CheckoutAsGuestPage object at 0x0000027C03AE5DE0>\ncheckout_page = <pages.checkout_page.CheckoutPage object at 0x0000027C03AF5960>\ncheckout_completed_page = <pages.checkout_completed_page.CheckoutCompletedPage object at 0x0000027C03AF5840>\nadd_product_to_cart_by_unauthorized_user = <function add_product_to_cart_by_unauthorized_user.<locals>.wrapper at 0x0000027C03B257E0>\n\n    @title('Создание заказа c самовывозом неавторизованным пользователем')\n    def test_create_order_with_pick_up_by_guest(self, header, cart_page, checkout_as_guest_page, checkout_page,\n                                                checkout_completed_page, add_product_to_cart_by_unauthorized_user):\n>       product_name = add_product_to_cart_by_unauthorized_user()[0]['name']\n\ntests\\test_order.py:38: \n_ _ _ _ _ _ _ _ _ _ _ _ _ _ _ _ _ _ _ _ _ _ _ _ _ _ _ _ _ _ _ _ _ _ _ _ _ _ _ _\nfixtures\\ui.py:158: in wrapper\n    notification_bar.close_notification()\nutils\\steps.py:29: in impl\n    step_result = func(*args, **kwargs)\npages\\notification_bar.py:57: in close_notification\n    self.find_element_clickable(*Locators.CLOSE_NOTIFICATION)\n_ _ _ _ _ _ _ _ _ _ _ _ _ _ _ _ _ _ _ _ _ _ _ _ _ _ _ _ _ _ _ _ _ _ _ _ _ _ _ _\n\nself = <pages.notification_bar.NotificationBar object at 0x0000027C03AF54E0>\nstrategy = 'id', locator = 'bar-notification span.close', timeout = 5\n\n    def find_element_clickable(self, strategy, locator, timeout=5) -> WebElement:\n        \"\"\"\n        Поиск элемента, по которому можно кликнуть.\n    \n        :param strategy: способ поиска элемента.\n        :param locator: локатор.\n        :param timeout: время ожидания.\n        :return: элемент.\n        \"\"\"\n        try:\n            return WebDriverWait(self.driver, timeout).until(ec.element_to_be_clickable((strategy, locator)))\n        except TimeoutException:\n>           raise AssertionError(\n                f'В течение {timeout} секунд не был доступен для клика элемент с локатором: {(strategy, locator)}',\n            )\nE           AssertionError: В течение 5 секунд не был доступен для клика элемент с локатором: ('id', 'bar-notification span.close')\n\npages\\base_page.py:209: AssertionError","flaky":false,"newFailed":false,"newBroken":false,"newPassed":false,"retriesCount":0,"retriesStatusChange":false,"beforeStages":[{"name":"browser","time":{"start":1673643898547,"stop":1673643907516,"duration":8969},"status":"passed","steps":[],"attachments":[],"parameters":[],"stepsCount":0,"hasContent":false,"shouldDisplayMessage":false,"attachmentsCount":0},{"name":"checkout_as_guest_page","time":{"start":1673643907516,"stop":1673643907516,"duration":0},"status":"passed","steps":[],"attachments":[],"parameters":[],"stepsCount":0,"hasContent":false,"shouldDisplayMessage":false,"attachmentsCount":0},{"name":"checkout_page","time":{"start":1673643907516,"stop":1673643907516,"duration":0},"status":"passed","steps":[],"attachments":[],"parameters":[],"stepsCount":0,"hasContent":false,"shouldDisplayMessage":false,"attachmentsCount":0},{"name":"header","time":{"start":1673643907516,"stop":1673643907516,"duration":0},"status":"passed","steps":[],"attachments":[],"parameters":[],"stepsCount":0,"hasContent":false,"shouldDisplayMessage":false,"attachmentsCount":0},{"name":"checkout_completed_page","time":{"start":1673643907516,"stop":1673643907516,"duration":0},"status":"passed","steps":[],"attachments":[],"parameters":[],"stepsCount":0,"hasContent":false,"shouldDisplayMessage":false,"attachmentsCount":0},{"name":"product_card_page","time":{"start":1673643907516,"stop":1673643907516,"duration":0},"status":"passed","steps":[],"attachments":[],"parameters":[],"stepsCount":0,"hasContent":false,"shouldDisplayMessage":false,"attachmentsCount":0},{"name":"notification_bar","time":{"start":1673643907516,"stop":1673643907517,"duration":1},"status":"passed","steps":[],"attachments":[],"parameters":[],"stepsCount":0,"hasContent":false,"shouldDisplayMessage":false,"attachmentsCount":0},{"name":"cart_page","time":{"start":1673643907516,"stop":1673643907516,"duration":0},"status":"passed","steps":[],"attachments":[],"parameters":[],"stepsCount":0,"hasContent":false,"shouldDisplayMessage":false,"attachmentsCount":0},{"name":"add_product_to_cart_by_unauthorized_user","time":{"start":1673643907517,"stop":1673643907517,"duration":0},"status":"passed","steps":[],"attachments":[],"parameters":[],"stepsCount":0,"hasContent":false,"shouldDisplayMessage":false,"attachmentsCount":0}],"testStage":{"status":"failed","statusMessage":"AssertionError: В течение 5 секунд не был доступен для клика элемент с локатором: ('id', 'bar-notification span.close')","statusTrace":"self = <pages.notification_bar.NotificationBar object at 0x0000027C03AF54E0>\nstrategy = 'id', locator = 'bar-notification span.close', timeout = 5\n\n    def find_element_clickable(self, strategy, locator, timeout=5) -> WebElement:\n        \"\"\"\n        Поиск элемента, по которому можно кликнуть.\n    \n        :param strategy: способ поиска элемента.\n        :param locator: локатор.\n        :param timeout: время ожидания.\n        :return: элемент.\n        \"\"\"\n        try:\n>           return WebDriverWait(self.driver, timeout).until(ec.element_to_be_clickable((strategy, locator)))\n\npages\\base_page.py:207: \n_ _ _ _ _ _ _ _ _ _ _ _ _ _ _ _ _ _ _ _ _ _ _ _ _ _ _ _ _ _ _ _ _ _ _ _ _ _ _ _\n\nself = <selenium.webdriver.support.wait.WebDriverWait (session=\"604a3ae4003503e39d9d63bfc74e1780\")>\nmethod = <function element_to_be_clickable.<locals>._predicate at 0x0000027C03AF36D0>\nmessage = ''\n\n    def until(self, method, message: str = \"\"):\n        \"\"\"Calls the method provided with the driver as an argument until the \\\n        return value does not evaluate to ``False``.\n    \n        :param method: callable(WebDriver)\n        :param message: optional message for :exc:`TimeoutException`\n        :returns: the result of the last call to `method`\n        :raises: :exc:`selenium.common.exceptions.TimeoutException` if timeout occurs\n        \"\"\"\n        screen = None\n        stacktrace = None\n    \n        end_time = time.monotonic() + self._timeout\n        while True:\n            try:\n                value = method(self._driver)\n                if value:\n                    return value\n            except self._ignored_exceptions as exc:\n                screen = getattr(exc, \"screen\", None)\n                stacktrace = getattr(exc, \"stacktrace\", None)\n            time.sleep(self._poll)\n            if time.monotonic() > end_time:\n                break\n>       raise TimeoutException(message, screen, stacktrace)\nE       selenium.common.exceptions.TimeoutException: Message: \nE       Stacktrace:\nE       Backtrace:\nE       \t(No symbol) [0x00D3F243]\nE       \t(No symbol) [0x00CC7FD1]\nE       \t(No symbol) [0x00BBD04D]\nE       \t(No symbol) [0x00BEC0B0]\nE       \t(No symbol) [0x00BEC22B]\nE       \t(No symbol) [0x00C1E612]\nE       \t(No symbol) [0x00C085D4]\nE       \t(No symbol) [0x00C1C9EB]\nE       \t(No symbol) [0x00C08386]\nE       \t(No symbol) [0x00BE163C]\nE       \t(No symbol) [0x00BE269D]\nE       \tGetHandleVerifier [0x00FD9A22+2655074]\nE       \tGetHandleVerifier [0x00FCCA24+2601828]\nE       \tGetHandleVerifier [0x00DE8C0A+619850]\nE       \tGetHandleVerifier [0x00DE7830+614768]\nE       \t(No symbol) [0x00CD05FC]\nE       \t(No symbol) [0x00CD5968]\nE       \t(No symbol) [0x00CD5A55]\nE       \t(No symbol) [0x00CE051B]\nE       \tBaseThreadInitThunk [0x76C26A39+25]\nE       \tRtlGetFullPathName_UEx [0x77CC7D1D+173]\nE       \tRtlGetFullPathName_UEx [0x77CC7CEB+123]\n\nC:\\hostedtoolcache\\windows\\Python\\3.10.9\\x64\\lib\\site-packages\\selenium\\webdriver\\support\\wait.py:95: TimeoutException\n\nDuring handling of the above exception, another exception occurred:\n\nself = <tests.test_order.TestOrder object at 0x0000027C039AF940>\nheader = <pages.header.Header object at 0x0000027C03AE6680>\ncart_page = <pages.cart_page.CartPage object at 0x0000027C03AE4FA0>\ncheckout_as_guest_page = <pages.checkout_as_guest_page.CheckoutAsGuestPage object at 0x0000027C03AE5DE0>\ncheckout_page = <pages.checkout_page.CheckoutPage object at 0x0000027C03AF5960>\ncheckout_completed_page = <pages.checkout_completed_page.CheckoutCompletedPage object at 0x0000027C03AF5840>\nadd_product_to_cart_by_unauthorized_user = <function add_product_to_cart_by_unauthorized_user.<locals>.wrapper at 0x0000027C03B257E0>\n\n    @title('Создание заказа c самовывозом неавторизованным пользователем')\n    def test_create_order_with_pick_up_by_guest(self, header, cart_page, checkout_as_guest_page, checkout_page,\n                                                checkout_completed_page, add_product_to_cart_by_unauthorized_user):\n>       product_name = add_product_to_cart_by_unauthorized_user()[0]['name']\n\ntests\\test_order.py:38: \n_ _ _ _ _ _ _ _ _ _ _ _ _ _ _ _ _ _ _ _ _ _ _ _ _ _ _ _ _ _ _ _ _ _ _ _ _ _ _ _\nfixtures\\ui.py:158: in wrapper\n    notification_bar.close_notification()\nutils\\steps.py:29: in impl\n    step_result = func(*args, **kwargs)\npages\\notification_bar.py:57: in close_notification\n    self.find_element_clickable(*Locators.CLOSE_NOTIFICATION)\n_ _ _ _ _ _ _ _ _ _ _ _ _ _ _ _ _ _ _ _ _ _ _ _ _ _ _ _ _ _ _ _ _ _ _ _ _ _ _ _\n\nself = <pages.notification_bar.NotificationBar object at 0x0000027C03AF54E0>\nstrategy = 'id', locator = 'bar-notification span.close', timeout = 5\n\n    def find_element_clickable(self, strategy, locator, timeout=5) -> WebElement:\n        \"\"\"\n        Поиск элемента, по которому можно кликнуть.\n    \n        :param strategy: способ поиска элемента.\n        :param locator: локатор.\n        :param timeout: время ожидания.\n        :return: элемент.\n        \"\"\"\n        try:\n            return WebDriverWait(self.driver, timeout).until(ec.element_to_be_clickable((strategy, locator)))\n        except TimeoutException:\n>           raise AssertionError(\n                f'В течение {timeout} секунд не был доступен для клика элемент с локатором: {(strategy, locator)}',\n            )\nE           AssertionError: В течение 5 секунд не был доступен для клика элемент с локатором: ('id', 'bar-notification span.close')\n\npages\\base_page.py:209: AssertionError","steps":[{"name":"Добавить товар в корзину","time":{"start":1673643970597,"stop":1673643973516,"duration":2919},"status":"passed","steps":[{"name":"Указать количество товара: 1","time":{"start":1673643971847,"stop":1673643972786,"duration":939},"status":"passed","steps":[],"attachments":[],"parameters":[],"stepsCount":0,"hasContent":false,"shouldDisplayMessage":false,"attachmentsCount":0},{"name":"Кликнуть по кнопке \"Add to cart\"","time":{"start":1673643972786,"stop":1673643973347,"duration":561},"status":"passed","steps":[],"attachments":[],"parameters":[],"stepsCount":0,"hasContent":false,"shouldDisplayMessage":false,"attachmentsCount":0}],"attachments":[{"uid":"f85811f23cdf9203","name":"Screenshot","source":"f85811f23cdf9203.png","type":"image/png","size":124901}],"parameters":[{"name":"quantity","value":"1"},{"name":"is_new_sender","value":"False"}],"stepsCount":2,"hasContent":true,"shouldDisplayMessage":false,"attachmentsCount":1},{"name":"Проверить, что появилось сообщение о добавлении товара в корзину","time":{"start":1673643973516,"stop":1673643974609,"duration":1093},"status":"passed","steps":[{"name":"Проверить, что сообщение появилось","time":{"start":1673643973519,"stop":1673643974396,"duration":877},"status":"passed","steps":[],"attachments":[],"parameters":[],"stepsCount":0,"hasContent":false,"shouldDisplayMessage":false,"attachmentsCount":0},{"name":"Проверить текст сообщения","time":{"start":1673643974396,"stop":1673643974477,"duration":81},"status":"passed","steps":[],"attachments":[],"parameters":[],"stepsCount":0,"hasContent":false,"shouldDisplayMessage":false,"attachmentsCount":0}],"attachments":[{"uid":"127681430842ad28","name":"Screenshot","source":"127681430842ad28.png","type":"image/png","size":127201}],"parameters":[],"stepsCount":2,"hasContent":true,"shouldDisplayMessage":false,"attachmentsCount":1},{"name":"Закрыть уведомление","time":{"start":1673643974609,"stop":1673643979988,"duration":5379},"status":"failed","statusMessage":"AssertionError: В течение 5 секунд не был доступен для клика элемент с локатором: ('id', 'bar-notification span.close')\n","statusTrace":"  File \"D:\\a\\demo_web_shop\\demo_web_shop\\utils\\steps.py\", line 29, in impl\n    step_result = func(*args, **kwargs)\n  File \"D:\\a\\demo_web_shop\\demo_web_shop\\pages\\notification_bar.py\", line 57, in close_notification\n    self.find_element_clickable(*Locators.CLOSE_NOTIFICATION)\n  File \"D:\\a\\demo_web_shop\\demo_web_shop\\pages\\base_page.py\", line 209, in find_element_clickable\n    raise AssertionError(\n","steps":[],"attachments":[{"uid":"9144d1a7fd4d4209","name":"Screenshot","source":"9144d1a7fd4d4209.png","type":"image/png","size":124953}],"parameters":[],"stepsCount":0,"hasContent":true,"shouldDisplayMessage":true,"attachmentsCount":1}],"attachments":[],"parameters":[],"stepsCount":7,"hasContent":true,"shouldDisplayMessage":true,"attachmentsCount":3},"afterStages":[{"name":"browser::0","time":{"start":1673643980165,"stop":1673643984477,"duration":4312},"status":"passed","steps":[],"attachments":[],"parameters":[],"stepsCount":0,"hasContent":false,"shouldDisplayMessage":false,"attachmentsCount":0}],"labels":[{"name":"feature","value":"Заказ"},{"name":"epic","value":"Frontend"},{"name":"parentSuite","value":"tests"},{"name":"suite","value":"test_order"},{"name":"subSuite","value":"TestOrder"},{"name":"host","value":"fv-az365-755"},{"name":"thread","value":"996-MainThread"},{"name":"framework","value":"pytest"},{"name":"language","value":"cpython3"},{"name":"package","value":"tests.test_order"},{"name":"resultFormat","value":"allure2"}],"parameters":[],"links":[],"hidden":true,"retry":true,"extra":{"categories":[],"tags":[]},"source":"99087c94d703693a.json","parameterValues":[]}