{"uid":"f6c77a47a11ad5d9","name":"Удаление товара из корзины","fullName":"tests.test_cart.TestCart#test_remove_product_from_cart","historyId":"4c4ac2acdcec497a9ebf02ff8fdbcadb","time":{"start":1673643694450,"stop":1673643741461,"duration":47011},"status":"failed","statusMessage":"AssertionError: В течение 5 секунд не был доступен для клика элемент с локатором: ('id', 'bar-notification span.close')","statusTrace":"self = <pages.notification_bar.NotificationBar object at 0x00000146832CF550>\nstrategy = 'id', locator = 'bar-notification span.close', timeout = 5\n\n    def find_element_clickable(self, strategy, locator, timeout=5) -> WebElement:\n        \"\"\"\n        Поиск элемента, по которому можно кликнуть.\n    \n        :param strategy: способ поиска элемента.\n        :param locator: локатор.\n        :param timeout: время ожидания.\n        :return: элемент.\n        \"\"\"\n        try:\n>           return WebDriverWait(self.driver, timeout).until(ec.element_to_be_clickable((strategy, locator)))\n\npages\\base_page.py:207: \n_ _ _ _ _ _ _ _ _ _ _ _ _ _ _ _ _ _ _ _ _ _ _ _ _ _ _ _ _ _ _ _ _ _ _ _ _ _ _ _\n\nself = <selenium.webdriver.support.wait.WebDriverWait (session=\"5e6119b5a7cfe6a4573f51b79b9c1aae\")>\nmethod = <function element_to_be_clickable.<locals>._predicate at 0x00000146832D7760>\nmessage = ''\n\n    def until(self, method, message: str = \"\"):\n        \"\"\"Calls the method provided with the driver as an argument until the \\\n        return value does not evaluate to ``False``.\n    \n        :param method: callable(WebDriver)\n        :param message: optional message for :exc:`TimeoutException`\n        :returns: the result of the last call to `method`\n        :raises: :exc:`selenium.common.exceptions.TimeoutException` if timeout occurs\n        \"\"\"\n        screen = None\n        stacktrace = None\n    \n        end_time = time.monotonic() + self._timeout\n        while True:\n            try:\n                value = method(self._driver)\n                if value:\n                    return value\n            except self._ignored_exceptions as exc:\n                screen = getattr(exc, \"screen\", None)\n                stacktrace = getattr(exc, \"stacktrace\", None)\n            time.sleep(self._poll)\n            if time.monotonic() > end_time:\n                break\n>       raise TimeoutException(message, screen, stacktrace)\nE       selenium.common.exceptions.TimeoutException: Message: \nE       Stacktrace:\nE       Backtrace:\nE       \t(No symbol) [0x010CF243]\nE       \t(No symbol) [0x01057FD1]\nE       \t(No symbol) [0x00F4D04D]\nE       \t(No symbol) [0x00F7C0B0]\nE       \t(No symbol) [0x00F7C22B]\nE       \t(No symbol) [0x00FAE612]\nE       \t(No symbol) [0x00F985D4]\nE       \t(No symbol) [0x00FAC9EB]\nE       \t(No symbol) [0x00F98386]\nE       \t(No symbol) [0x00F7163C]\nE       \t(No symbol) [0x00F7269D]\nE       \tGetHandleVerifier [0x01369A22+2655074]\nE       \tGetHandleVerifier [0x0135CA24+2601828]\nE       \tGetHandleVerifier [0x01178C0A+619850]\nE       \tGetHandleVerifier [0x01177830+614768]\nE       \t(No symbol) [0x010605FC]\nE       \t(No symbol) [0x01065968]\nE       \t(No symbol) [0x01065A55]\nE       \t(No symbol) [0x0107051B]\nE       \tBaseThreadInitThunk [0x76C26A39+25]\nE       \tRtlGetFullPathName_UEx [0x77CC7D1D+173]\nE       \tRtlGetFullPathName_UEx [0x77CC7CEB+123]\n\nC:\\hostedtoolcache\\windows\\Python\\3.10.9\\x64\\lib\\site-packages\\selenium\\webdriver\\support\\wait.py:95: TimeoutException\n\nDuring handling of the above exception, another exception occurred:\n\nself = <tests.test_cart.TestCart object at 0x000001468298D540>\nmain_page = <pages.main_page.MainPage object at 0x00000146832CF0A0>\nheader = <pages.header.Header object at 0x00000146832CEFB0>\ncart_page = <pages.cart_page.CartPage object at 0x00000146832CF7C0>\nadd_product_to_cart_by_unauthorized_user = <function add_product_to_cart_by_unauthorized_user.<locals>.wrapper at 0x00000146832D6DD0>\n\n    @title('Удаление товара из корзины')\n    def test_remove_product_from_cart(self, main_page, header, cart_page, add_product_to_cart_by_unauthorized_user):\n>       product_name = add_product_to_cart_by_unauthorized_user()[0]['name']\n\ntests\\test_cart.py:44: \n_ _ _ _ _ _ _ _ _ _ _ _ _ _ _ _ _ _ _ _ _ _ _ _ _ _ _ _ _ _ _ _ _ _ _ _ _ _ _ _\nfixtures\\ui.py:158: in wrapper\n    notification_bar.close_notification()\nutils\\steps.py:29: in impl\n    step_result = func(*args, **kwargs)\npages\\notification_bar.py:57: in close_notification\n    self.find_element_clickable(*Locators.CLOSE_NOTIFICATION)\n_ _ _ _ _ _ _ _ _ _ _ _ _ _ _ _ _ _ _ _ _ _ _ _ _ _ _ _ _ _ _ _ _ _ _ _ _ _ _ _\n\nself = <pages.notification_bar.NotificationBar object at 0x00000146832CF550>\nstrategy = 'id', locator = 'bar-notification span.close', timeout = 5\n\n    def find_element_clickable(self, strategy, locator, timeout=5) -> WebElement:\n        \"\"\"\n        Поиск элемента, по которому можно кликнуть.\n    \n        :param strategy: способ поиска элемента.\n        :param locator: локатор.\n        :param timeout: время ожидания.\n        :return: элемент.\n        \"\"\"\n        try:\n            return WebDriverWait(self.driver, timeout).until(ec.element_to_be_clickable((strategy, locator)))\n        except TimeoutException:\n>           raise AssertionError(\n                f'В течение {timeout} секунд не был доступен для клика элемент с локатором: {(strategy, locator)}',\n            )\nE           AssertionError: В течение 5 секунд не был доступен для клика элемент с локатором: ('id', 'bar-notification span.close')\n\npages\\base_page.py:209: AssertionError","flaky":false,"newFailed":false,"newBroken":false,"newPassed":false,"retriesCount":0,"retriesStatusChange":false,"beforeStages":[{"name":"browser","time":{"start":1673643633692,"stop":1673643694447,"duration":60755},"status":"passed","steps":[],"attachments":[],"parameters":[],"stepsCount":0,"hasContent":false,"shouldDisplayMessage":false,"attachmentsCount":0},{"name":"header","time":{"start":1673643694447,"stop":1673643694447,"duration":0},"status":"passed","steps":[],"attachments":[],"parameters":[],"stepsCount":0,"hasContent":false,"shouldDisplayMessage":false,"attachmentsCount":0},{"name":"main_page","time":{"start":1673643694447,"stop":1673643694447,"duration":0},"status":"passed","steps":[],"attachments":[],"parameters":[],"stepsCount":0,"hasContent":false,"shouldDisplayMessage":false,"attachmentsCount":0},{"name":"notification_bar","time":{"start":1673643694448,"stop":1673643694448,"duration":0},"status":"passed","steps":[],"attachments":[],"parameters":[],"stepsCount":0,"hasContent":false,"shouldDisplayMessage":false,"attachmentsCount":0},{"name":"product_card_page","time":{"start":1673643694448,"stop":1673643694448,"duration":0},"status":"passed","steps":[],"attachments":[],"parameters":[],"stepsCount":0,"hasContent":false,"shouldDisplayMessage":false,"attachmentsCount":0},{"name":"add_product_to_cart_by_unauthorized_user","time":{"start":1673643694448,"stop":1673643694448,"duration":0},"status":"passed","steps":[],"attachments":[],"parameters":[],"stepsCount":0,"hasContent":false,"shouldDisplayMessage":false,"attachmentsCount":0},{"name":"cart_page","time":{"start":1673643694448,"stop":1673643694448,"duration":0},"status":"passed","steps":[],"attachments":[],"parameters":[],"stepsCount":0,"hasContent":false,"shouldDisplayMessage":false,"attachmentsCount":0}],"testStage":{"status":"failed","statusMessage":"AssertionError: В течение 5 секунд не был доступен для клика элемент с локатором: ('id', 'bar-notification span.close')","statusTrace":"self = <pages.notification_bar.NotificationBar object at 0x00000146832CF550>\nstrategy = 'id', locator = 'bar-notification span.close', timeout = 5\n\n    def find_element_clickable(self, strategy, locator, timeout=5) -> WebElement:\n        \"\"\"\n        Поиск элемента, по которому можно кликнуть.\n    \n        :param strategy: способ поиска элемента.\n        :param locator: локатор.\n        :param timeout: время ожидания.\n        :return: элемент.\n        \"\"\"\n        try:\n>           return WebDriverWait(self.driver, timeout).until(ec.element_to_be_clickable((strategy, locator)))\n\npages\\base_page.py:207: \n_ _ _ _ _ _ _ _ _ _ _ _ _ _ _ _ _ _ _ _ _ _ _ _ _ _ _ _ _ _ _ _ _ _ _ _ _ _ _ _\n\nself = <selenium.webdriver.support.wait.WebDriverWait (session=\"5e6119b5a7cfe6a4573f51b79b9c1aae\")>\nmethod = <function element_to_be_clickable.<locals>._predicate at 0x00000146832D7760>\nmessage = ''\n\n    def until(self, method, message: str = \"\"):\n        \"\"\"Calls the method provided with the driver as an argument until the \\\n        return value does not evaluate to ``False``.\n    \n        :param method: callable(WebDriver)\n        :param message: optional message for :exc:`TimeoutException`\n        :returns: the result of the last call to `method`\n        :raises: :exc:`selenium.common.exceptions.TimeoutException` if timeout occurs\n        \"\"\"\n        screen = None\n        stacktrace = None\n    \n        end_time = time.monotonic() + self._timeout\n        while True:\n            try:\n                value = method(self._driver)\n                if value:\n                    return value\n            except self._ignored_exceptions as exc:\n                screen = getattr(exc, \"screen\", None)\n                stacktrace = getattr(exc, \"stacktrace\", None)\n            time.sleep(self._poll)\n            if time.monotonic() > end_time:\n                break\n>       raise TimeoutException(message, screen, stacktrace)\nE       selenium.common.exceptions.TimeoutException: Message: \nE       Stacktrace:\nE       Backtrace:\nE       \t(No symbol) [0x010CF243]\nE       \t(No symbol) [0x01057FD1]\nE       \t(No symbol) [0x00F4D04D]\nE       \t(No symbol) [0x00F7C0B0]\nE       \t(No symbol) [0x00F7C22B]\nE       \t(No symbol) [0x00FAE612]\nE       \t(No symbol) [0x00F985D4]\nE       \t(No symbol) [0x00FAC9EB]\nE       \t(No symbol) [0x00F98386]\nE       \t(No symbol) [0x00F7163C]\nE       \t(No symbol) [0x00F7269D]\nE       \tGetHandleVerifier [0x01369A22+2655074]\nE       \tGetHandleVerifier [0x0135CA24+2601828]\nE       \tGetHandleVerifier [0x01178C0A+619850]\nE       \tGetHandleVerifier [0x01177830+614768]\nE       \t(No symbol) [0x010605FC]\nE       \t(No symbol) [0x01065968]\nE       \t(No symbol) [0x01065A55]\nE       \t(No symbol) [0x0107051B]\nE       \tBaseThreadInitThunk [0x76C26A39+25]\nE       \tRtlGetFullPathName_UEx [0x77CC7D1D+173]\nE       \tRtlGetFullPathName_UEx [0x77CC7CEB+123]\n\nC:\\hostedtoolcache\\windows\\Python\\3.10.9\\x64\\lib\\site-packages\\selenium\\webdriver\\support\\wait.py:95: TimeoutException\n\nDuring handling of the above exception, another exception occurred:\n\nself = <tests.test_cart.TestCart object at 0x000001468298D540>\nmain_page = <pages.main_page.MainPage object at 0x00000146832CF0A0>\nheader = <pages.header.Header object at 0x00000146832CEFB0>\ncart_page = <pages.cart_page.CartPage object at 0x00000146832CF7C0>\nadd_product_to_cart_by_unauthorized_user = <function add_product_to_cart_by_unauthorized_user.<locals>.wrapper at 0x00000146832D6DD0>\n\n    @title('Удаление товара из корзины')\n    def test_remove_product_from_cart(self, main_page, header, cart_page, add_product_to_cart_by_unauthorized_user):\n>       product_name = add_product_to_cart_by_unauthorized_user()[0]['name']\n\ntests\\test_cart.py:44: \n_ _ _ _ _ _ _ _ _ _ _ _ _ _ _ _ _ _ _ _ _ _ _ _ _ _ _ _ _ _ _ _ _ _ _ _ _ _ _ _\nfixtures\\ui.py:158: in wrapper\n    notification_bar.close_notification()\nutils\\steps.py:29: in impl\n    step_result = func(*args, **kwargs)\npages\\notification_bar.py:57: in close_notification\n    self.find_element_clickable(*Locators.CLOSE_NOTIFICATION)\n_ _ _ _ _ _ _ _ _ _ _ _ _ _ _ _ _ _ _ _ _ _ _ _ _ _ _ _ _ _ _ _ _ _ _ _ _ _ _ _\n\nself = <pages.notification_bar.NotificationBar object at 0x00000146832CF550>\nstrategy = 'id', locator = 'bar-notification span.close', timeout = 5\n\n    def find_element_clickable(self, strategy, locator, timeout=5) -> WebElement:\n        \"\"\"\n        Поиск элемента, по которому можно кликнуть.\n    \n        :param strategy: способ поиска элемента.\n        :param locator: локатор.\n        :param timeout: время ожидания.\n        :return: элемент.\n        \"\"\"\n        try:\n            return WebDriverWait(self.driver, timeout).until(ec.element_to_be_clickable((strategy, locator)))\n        except TimeoutException:\n>           raise AssertionError(\n                f'В течение {timeout} секунд не был доступен для клика элемент с локатором: {(strategy, locator)}',\n            )\nE           AssertionError: В течение 5 секунд не был доступен для клика элемент с локатором: ('id', 'bar-notification span.close')\n\npages\\base_page.py:209: AssertionError","steps":[{"name":"Добавить товар в корзину","time":{"start":1673643731553,"stop":1673643735102,"duration":3549},"status":"passed","steps":[{"name":"Указать количество товара: 1","time":{"start":1673643732669,"stop":1673643734275,"duration":1606},"status":"passed","steps":[],"attachments":[],"parameters":[],"stepsCount":0,"hasContent":false,"shouldDisplayMessage":false,"attachmentsCount":0},{"name":"Кликнуть по кнопке \"Add to cart\"","time":{"start":1673643734275,"stop":1673643734593,"duration":318},"status":"passed","steps":[],"attachments":[],"parameters":[],"stepsCount":0,"hasContent":false,"shouldDisplayMessage":false,"attachmentsCount":0}],"attachments":[{"uid":"27dc81376a83b91c","name":"Screenshot","source":"27dc81376a83b91c.png","type":"image/png","size":124901}],"parameters":[{"name":"quantity","value":"1"},{"name":"is_new_sender","value":"False"}],"stepsCount":2,"hasContent":true,"shouldDisplayMessage":false,"attachmentsCount":1},{"name":"Проверить, что появилось сообщение о добавлении товара в корзину","time":{"start":1673643735102,"stop":1673643735716,"duration":614},"status":"passed","steps":[{"name":"Проверить, что сообщение появилось","time":{"start":1673643735102,"stop":1673643735148,"duration":46},"status":"passed","steps":[],"attachments":[],"parameters":[],"stepsCount":0,"hasContent":false,"shouldDisplayMessage":false,"attachmentsCount":0},{"name":"Проверить текст сообщения","time":{"start":1673643735149,"stop":1673643735405,"duration":256},"status":"passed","steps":[],"attachments":[],"parameters":[],"stepsCount":0,"hasContent":false,"shouldDisplayMessage":false,"attachmentsCount":0}],"attachments":[{"uid":"80f3b8fd6d4a72ef","name":"Screenshot","source":"80f3b8fd6d4a72ef.png","type":"image/png","size":127841}],"parameters":[],"stepsCount":2,"hasContent":true,"shouldDisplayMessage":false,"attachmentsCount":1},{"name":"Закрыть уведомление","time":{"start":1673643735716,"stop":1673643741459,"duration":5743},"status":"failed","statusMessage":"AssertionError: В течение 5 секунд не был доступен для клика элемент с локатором: ('id', 'bar-notification span.close')\n","statusTrace":"  File \"D:\\a\\demo_web_shop\\demo_web_shop\\utils\\steps.py\", line 29, in impl\n    step_result = func(*args, **kwargs)\n  File \"D:\\a\\demo_web_shop\\demo_web_shop\\pages\\notification_bar.py\", line 57, in close_notification\n    self.find_element_clickable(*Locators.CLOSE_NOTIFICATION)\n  File \"D:\\a\\demo_web_shop\\demo_web_shop\\pages\\base_page.py\", line 209, in find_element_clickable\n    raise AssertionError(\n","steps":[],"attachments":[{"uid":"b7744a093405f3bb","name":"Screenshot","source":"b7744a093405f3bb.png","type":"image/png","size":124953}],"parameters":[],"stepsCount":0,"hasContent":true,"shouldDisplayMessage":true,"attachmentsCount":1}],"attachments":[{"uid":"7a254f024dc2e1e4","name":"stderr","source":"7a254f024dc2e1e4.txt","type":"text/plain","size":254}],"parameters":[],"stepsCount":7,"hasContent":true,"shouldDisplayMessage":true,"attachmentsCount":4},"afterStages":[{"name":"browser::0","time":{"start":1673643741628,"stop":1673643745514,"duration":3886},"status":"passed","steps":[],"attachments":[],"parameters":[],"stepsCount":0,"hasContent":false,"shouldDisplayMessage":false,"attachmentsCount":0}],"labels":[{"name":"feature","value":"Корзина"},{"name":"epic","value":"Frontend"},{"name":"parentSuite","value":"tests"},{"name":"suite","value":"test_cart"},{"name":"subSuite","value":"TestCart"},{"name":"host","value":"fv-az365-755"},{"name":"thread","value":"2732-MainThread"},{"name":"framework","value":"pytest"},{"name":"language","value":"cpython3"},{"name":"package","value":"tests.test_cart"},{"name":"resultFormat","value":"allure2"}],"parameters":[],"links":[],"hidden":true,"retry":true,"extra":{"categories":[],"tags":[]},"source":"f6c77a47a11ad5d9.json","parameterValues":[]}