{"uid":"f928f38f079982a4","name":"Товар отображается во всплывающей корзине","fullName":"tests.test_cart.TestCart#test_product_in_flyout_cart","historyId":"93142d3987b01ac7cbe40fe98b6fcc2f","time":{"start":1673644076956,"stop":1673644092608,"duration":15652},"status":"failed","statusMessage":"AssertionError: В течение 5 секунд не был доступен для клика элемент с локатором: ('id', 'bar-notification span.close')","statusTrace":"self = <pages.notification_bar.NotificationBar object at 0x000001B05E13ABF0>\nstrategy = 'id', locator = 'bar-notification span.close', timeout = 5\n\n    def find_element_clickable(self, strategy, locator, timeout=5) -> WebElement:\n        \"\"\"\n        Поиск элемента, по которому можно кликнуть.\n    \n        :param strategy: способ поиска элемента.\n        :param locator: локатор.\n        :param timeout: время ожидания.\n        :return: элемент.\n        \"\"\"\n        try:\n>           return WebDriverWait(self.driver, timeout).until(ec.element_to_be_clickable((strategy, locator)))\n\npages\\base_page.py:207: \n_ _ _ _ _ _ _ _ _ _ _ _ _ _ _ _ _ _ _ _ _ _ _ _ _ _ _ _ _ _ _ _ _ _ _ _ _ _ _ _\n\nself = <selenium.webdriver.support.wait.WebDriverWait (session=\"2ed1adeee82ad773e314b2de22dacb5a\")>\nmethod = <function element_to_be_clickable.<locals>._predicate at 0x000001B05EA45750>\nmessage = ''\n\n    def until(self, method, message: str = \"\"):\n        \"\"\"Calls the method provided with the driver as an argument until the \\\n        return value does not evaluate to ``False``.\n    \n        :param method: callable(WebDriver)\n        :param message: optional message for :exc:`TimeoutException`\n        :returns: the result of the last call to `method`\n        :raises: :exc:`selenium.common.exceptions.TimeoutException` if timeout occurs\n        \"\"\"\n        screen = None\n        stacktrace = None\n    \n        end_time = time.monotonic() + self._timeout\n        while True:\n            try:\n                value = method(self._driver)\n                if value:\n                    return value\n            except self._ignored_exceptions as exc:\n                screen = getattr(exc, \"screen\", None)\n                stacktrace = getattr(exc, \"stacktrace\", None)\n            time.sleep(self._poll)\n            if time.monotonic() > end_time:\n                break\n>       raise TimeoutException(message, screen, stacktrace)\nE       selenium.common.exceptions.TimeoutException: Message: \nE       Stacktrace:\nE       Backtrace:\nE       \t(No symbol) [0x0024F243]\nE       \t(No symbol) [0x001D7FD1]\nE       \t(No symbol) [0x000CD04D]\nE       \t(No symbol) [0x000FC0B0]\nE       \t(No symbol) [0x000FC22B]\nE       \t(No symbol) [0x0012E612]\nE       \t(No symbol) [0x001185D4]\nE       \t(No symbol) [0x0012C9EB]\nE       \t(No symbol) [0x00118386]\nE       \t(No symbol) [0x000F163C]\nE       \t(No symbol) [0x000F269D]\nE       \tGetHandleVerifier [0x004E9A22+2655074]\nE       \tGetHandleVerifier [0x004DCA24+2601828]\nE       \tGetHandleVerifier [0x002F8C0A+619850]\nE       \tGetHandleVerifier [0x002F7830+614768]\nE       \t(No symbol) [0x001E05FC]\nE       \t(No symbol) [0x001E5968]\nE       \t(No symbol) [0x001E5A55]\nE       \t(No symbol) [0x001F051B]\nE       \tBaseThreadInitThunk [0x76C26A39+25]\nE       \tRtlGetFullPathName_UEx [0x77CC7D1D+173]\nE       \tRtlGetFullPathName_UEx [0x77CC7CEB+123]\nE       \t(No symbol) [0x00000000]\n\nC:\\hostedtoolcache\\windows\\Python\\3.10.9\\x64\\lib\\site-packages\\selenium\\webdriver\\support\\wait.py:95: TimeoutException\n\nDuring handling of the above exception, another exception occurred:\n\nself = <tests.test_cart.TestCart object at 0x000001B05E0510F0>\nmain_page = <pages.main_page.MainPage object at 0x000001B05E13AB00>\nheader = <pages.header.Header object at 0x000001B05E13B430>\nadd_product_to_cart_by_unauthorized_user = <function add_product_to_cart_by_unauthorized_user.<locals>.wrapper at 0x000001B05EA45510>\n\n    @title('Товар отображается во всплывающей корзине')\n    def test_product_in_flyout_cart(self, main_page, header, add_product_to_cart_by_unauthorized_user):\n>       product_name = add_product_to_cart_by_unauthorized_user()[0]['name']\n\ntests\\test_cart.py:38: \n_ _ _ _ _ _ _ _ _ _ _ _ _ _ _ _ _ _ _ _ _ _ _ _ _ _ _ _ _ _ _ _ _ _ _ _ _ _ _ _\nfixtures\\ui.py:158: in wrapper\n    notification_bar.close_notification()\nutils\\steps.py:29: in impl\n    step_result = func(*args, **kwargs)\npages\\notification_bar.py:57: in close_notification\n    self.find_element_clickable(*Locators.CLOSE_NOTIFICATION)\n_ _ _ _ _ _ _ _ _ _ _ _ _ _ _ _ _ _ _ _ _ _ _ _ _ _ _ _ _ _ _ _ _ _ _ _ _ _ _ _\n\nself = <pages.notification_bar.NotificationBar object at 0x000001B05E13ABF0>\nstrategy = 'id', locator = 'bar-notification span.close', timeout = 5\n\n    def find_element_clickable(self, strategy, locator, timeout=5) -> WebElement:\n        \"\"\"\n        Поиск элемента, по которому можно кликнуть.\n    \n        :param strategy: способ поиска элемента.\n        :param locator: локатор.\n        :param timeout: время ожидания.\n        :return: элемент.\n        \"\"\"\n        try:\n            return WebDriverWait(self.driver, timeout).until(ec.element_to_be_clickable((strategy, locator)))\n        except TimeoutException:\n>           raise AssertionError(\n                f'В течение {timeout} секунд не был доступен для клика элемент с локатором: {(strategy, locator)}',\n            )\nE           AssertionError: В течение 5 секунд не был доступен для клика элемент с локатором: ('id', 'bar-notification span.close')\n\npages\\base_page.py:209: AssertionError","flaky":false,"newFailed":false,"newBroken":false,"newPassed":false,"retriesCount":1,"retriesStatusChange":false,"beforeStages":[{"name":"browser","time":{"start":1673644074137,"stop":1673644076954,"duration":2817},"status":"passed","steps":[],"attachments":[],"parameters":[],"stepsCount":0,"hasContent":false,"shouldDisplayMessage":false,"attachmentsCount":0},{"name":"main_page","time":{"start":1673644076954,"stop":1673644076955,"duration":1},"status":"passed","steps":[],"attachments":[],"parameters":[],"stepsCount":0,"hasContent":false,"shouldDisplayMessage":false,"attachmentsCount":0},{"name":"product_card_page","time":{"start":1673644076955,"stop":1673644076955,"duration":0},"status":"passed","steps":[],"attachments":[],"parameters":[],"stepsCount":0,"hasContent":false,"shouldDisplayMessage":false,"attachmentsCount":0},{"name":"add_product_to_cart_by_unauthorized_user","time":{"start":1673644076955,"stop":1673644076955,"duration":0},"status":"passed","steps":[],"attachments":[],"parameters":[],"stepsCount":0,"hasContent":false,"shouldDisplayMessage":false,"attachmentsCount":0},{"name":"notification_bar","time":{"start":1673644076955,"stop":1673644076955,"duration":0},"status":"passed","steps":[],"attachments":[],"parameters":[],"stepsCount":0,"hasContent":false,"shouldDisplayMessage":false,"attachmentsCount":0},{"name":"header","time":{"start":1673644076955,"stop":1673644076955,"duration":0},"status":"passed","steps":[],"attachments":[],"parameters":[],"stepsCount":0,"hasContent":false,"shouldDisplayMessage":false,"attachmentsCount":0}],"testStage":{"status":"failed","statusMessage":"AssertionError: В течение 5 секунд не был доступен для клика элемент с локатором: ('id', 'bar-notification span.close')","statusTrace":"self = <pages.notification_bar.NotificationBar object at 0x000001B05E13ABF0>\nstrategy = 'id', locator = 'bar-notification span.close', timeout = 5\n\n    def find_element_clickable(self, strategy, locator, timeout=5) -> WebElement:\n        \"\"\"\n        Поиск элемента, по которому можно кликнуть.\n    \n        :param strategy: способ поиска элемента.\n        :param locator: локатор.\n        :param timeout: время ожидания.\n        :return: элемент.\n        \"\"\"\n        try:\n>           return WebDriverWait(self.driver, timeout).until(ec.element_to_be_clickable((strategy, locator)))\n\npages\\base_page.py:207: \n_ _ _ _ _ _ _ _ _ _ _ _ _ _ _ _ _ _ _ _ _ _ _ _ _ _ _ _ _ _ _ _ _ _ _ _ _ _ _ _\n\nself = <selenium.webdriver.support.wait.WebDriverWait (session=\"2ed1adeee82ad773e314b2de22dacb5a\")>\nmethod = <function element_to_be_clickable.<locals>._predicate at 0x000001B05EA45750>\nmessage = ''\n\n    def until(self, method, message: str = \"\"):\n        \"\"\"Calls the method provided with the driver as an argument until the \\\n        return value does not evaluate to ``False``.\n    \n        :param method: callable(WebDriver)\n        :param message: optional message for :exc:`TimeoutException`\n        :returns: the result of the last call to `method`\n        :raises: :exc:`selenium.common.exceptions.TimeoutException` if timeout occurs\n        \"\"\"\n        screen = None\n        stacktrace = None\n    \n        end_time = time.monotonic() + self._timeout\n        while True:\n            try:\n                value = method(self._driver)\n                if value:\n                    return value\n            except self._ignored_exceptions as exc:\n                screen = getattr(exc, \"screen\", None)\n                stacktrace = getattr(exc, \"stacktrace\", None)\n            time.sleep(self._poll)\n            if time.monotonic() > end_time:\n                break\n>       raise TimeoutException(message, screen, stacktrace)\nE       selenium.common.exceptions.TimeoutException: Message: \nE       Stacktrace:\nE       Backtrace:\nE       \t(No symbol) [0x0024F243]\nE       \t(No symbol) [0x001D7FD1]\nE       \t(No symbol) [0x000CD04D]\nE       \t(No symbol) [0x000FC0B0]\nE       \t(No symbol) [0x000FC22B]\nE       \t(No symbol) [0x0012E612]\nE       \t(No symbol) [0x001185D4]\nE       \t(No symbol) [0x0012C9EB]\nE       \t(No symbol) [0x00118386]\nE       \t(No symbol) [0x000F163C]\nE       \t(No symbol) [0x000F269D]\nE       \tGetHandleVerifier [0x004E9A22+2655074]\nE       \tGetHandleVerifier [0x004DCA24+2601828]\nE       \tGetHandleVerifier [0x002F8C0A+619850]\nE       \tGetHandleVerifier [0x002F7830+614768]\nE       \t(No symbol) [0x001E05FC]\nE       \t(No symbol) [0x001E5968]\nE       \t(No symbol) [0x001E5A55]\nE       \t(No symbol) [0x001F051B]\nE       \tBaseThreadInitThunk [0x76C26A39+25]\nE       \tRtlGetFullPathName_UEx [0x77CC7D1D+173]\nE       \tRtlGetFullPathName_UEx [0x77CC7CEB+123]\nE       \t(No symbol) [0x00000000]\n\nC:\\hostedtoolcache\\windows\\Python\\3.10.9\\x64\\lib\\site-packages\\selenium\\webdriver\\support\\wait.py:95: TimeoutException\n\nDuring handling of the above exception, another exception occurred:\n\nself = <tests.test_cart.TestCart object at 0x000001B05E0510F0>\nmain_page = <pages.main_page.MainPage object at 0x000001B05E13AB00>\nheader = <pages.header.Header object at 0x000001B05E13B430>\nadd_product_to_cart_by_unauthorized_user = <function add_product_to_cart_by_unauthorized_user.<locals>.wrapper at 0x000001B05EA45510>\n\n    @title('Товар отображается во всплывающей корзине')\n    def test_product_in_flyout_cart(self, main_page, header, add_product_to_cart_by_unauthorized_user):\n>       product_name = add_product_to_cart_by_unauthorized_user()[0]['name']\n\ntests\\test_cart.py:38: \n_ _ _ _ _ _ _ _ _ _ _ _ _ _ _ _ _ _ _ _ _ _ _ _ _ _ _ _ _ _ _ _ _ _ _ _ _ _ _ _\nfixtures\\ui.py:158: in wrapper\n    notification_bar.close_notification()\nutils\\steps.py:29: in impl\n    step_result = func(*args, **kwargs)\npages\\notification_bar.py:57: in close_notification\n    self.find_element_clickable(*Locators.CLOSE_NOTIFICATION)\n_ _ _ _ _ _ _ _ _ _ _ _ _ _ _ _ _ _ _ _ _ _ _ _ _ _ _ _ _ _ _ _ _ _ _ _ _ _ _ _\n\nself = <pages.notification_bar.NotificationBar object at 0x000001B05E13ABF0>\nstrategy = 'id', locator = 'bar-notification span.close', timeout = 5\n\n    def find_element_clickable(self, strategy, locator, timeout=5) -> WebElement:\n        \"\"\"\n        Поиск элемента, по которому можно кликнуть.\n    \n        :param strategy: способ поиска элемента.\n        :param locator: локатор.\n        :param timeout: время ожидания.\n        :return: элемент.\n        \"\"\"\n        try:\n            return WebDriverWait(self.driver, timeout).until(ec.element_to_be_clickable((strategy, locator)))\n        except TimeoutException:\n>           raise AssertionError(\n                f'В течение {timeout} секунд не был доступен для клика элемент с локатором: {(strategy, locator)}',\n            )\nE           AssertionError: В течение 5 секунд не был доступен для клика элемент с локатором: ('id', 'bar-notification span.close')\n\npages\\base_page.py:209: AssertionError","steps":[{"name":"Добавить товар в корзину","time":{"start":1673644084673,"stop":1673644086554,"duration":1881},"status":"passed","steps":[{"name":"Указать количество товара: 1","time":{"start":1673644085915,"stop":1673644086352,"duration":437},"status":"passed","steps":[],"attachments":[],"parameters":[],"stepsCount":0,"hasContent":false,"shouldDisplayMessage":false,"attachmentsCount":0},{"name":"Кликнуть по кнопке \"Add to cart\"","time":{"start":1673644086352,"stop":1673644086453,"duration":101},"status":"passed","steps":[],"attachments":[],"parameters":[],"stepsCount":0,"hasContent":false,"shouldDisplayMessage":false,"attachmentsCount":0}],"attachments":[{"uid":"b6b387263ccd34fc","name":"Screenshot","source":"b6b387263ccd34fc.png","type":"image/png","size":79871}],"parameters":[{"name":"quantity","value":"1"},{"name":"is_new_sender","value":"False"}],"stepsCount":2,"hasContent":true,"shouldDisplayMessage":false,"attachmentsCount":1},{"name":"Проверить, что появилось сообщение о добавлении товара в корзину","time":{"start":1673644086555,"stop":1673644087267,"duration":712},"status":"passed","steps":[{"name":"Проверить, что сообщение появилось","time":{"start":1673644086555,"stop":1673644087134,"duration":579},"status":"passed","steps":[],"attachments":[],"parameters":[],"stepsCount":0,"hasContent":false,"shouldDisplayMessage":false,"attachmentsCount":0},{"name":"Проверить текст сообщения","time":{"start":1673644087134,"stop":1673644087173,"duration":39},"status":"passed","steps":[],"attachments":[],"parameters":[],"stepsCount":0,"hasContent":false,"shouldDisplayMessage":false,"attachmentsCount":0}],"attachments":[{"uid":"f3c177235d843a78","name":"Screenshot","source":"f3c177235d843a78.png","type":"image/png","size":82544}],"parameters":[],"stepsCount":2,"hasContent":true,"shouldDisplayMessage":false,"attachmentsCount":1},{"name":"Закрыть уведомление","time":{"start":1673644087268,"stop":1673644092607,"duration":5339},"status":"failed","statusMessage":"AssertionError: В течение 5 секунд не был доступен для клика элемент с локатором: ('id', 'bar-notification span.close')\n","statusTrace":"  File \"D:\\a\\demo_web_shop\\demo_web_shop\\utils\\steps.py\", line 29, in impl\n    step_result = func(*args, **kwargs)\n  File \"D:\\a\\demo_web_shop\\demo_web_shop\\pages\\notification_bar.py\", line 57, in close_notification\n    self.find_element_clickable(*Locators.CLOSE_NOTIFICATION)\n  File \"D:\\a\\demo_web_shop\\demo_web_shop\\pages\\base_page.py\", line 209, in find_element_clickable\n    raise AssertionError(\n","steps":[],"attachments":[{"uid":"ec15b01bc89a4a6f","name":"Screenshot","source":"ec15b01bc89a4a6f.png","type":"image/png","size":79921}],"parameters":[],"stepsCount":0,"hasContent":true,"shouldDisplayMessage":true,"attachmentsCount":1}],"attachments":[],"parameters":[],"stepsCount":7,"hasContent":true,"shouldDisplayMessage":true,"attachmentsCount":3},"afterStages":[{"name":"browser::0","time":{"start":1673644092637,"stop":1673644094796,"duration":2159},"status":"passed","steps":[],"attachments":[],"parameters":[],"stepsCount":0,"hasContent":false,"shouldDisplayMessage":false,"attachmentsCount":0}],"labels":[{"name":"feature","value":"Корзина"},{"name":"epic","value":"Frontend"},{"name":"parentSuite","value":"tests"},{"name":"suite","value":"test_cart"},{"name":"subSuite","value":"TestCart"},{"name":"host","value":"fv-az365-755"},{"name":"thread","value":"2124-MainThread"},{"name":"framework","value":"pytest"},{"name":"language","value":"cpython3"},{"name":"package","value":"tests.test_cart"},{"name":"resultFormat","value":"allure2"}],"parameters":[],"links":[],"hidden":false,"retry":false,"extra":{"severity":"normal","retries":[{"uid":"1acf399043063721","status":"failed","statusDetails":"AssertionError: В течение 5 секунд не был доступен для клика элемент с локатором: ('id', 'bar-notification span.close')","time":{"start":1673644047366,"stop":1673644062911,"duration":15545}}],"categories":[{"name":"Product defects","matchedStatuses":[],"flaky":false}],"tags":[]},"source":"f928f38f079982a4.json","parameterValues":[]}