{"uid":"fb378d0296642b60","name":"Добавление товара в корзину из вишлиста","fullName":"tests.test_cart.TestCart#test_add_product_to_cart_from_wishlist","historyId":"c8f51ec6e12d5bd2b7c7e6e761af62c7","time":{"start":1673646107168,"stop":1673646124905,"duration":17737},"status":"broken","statusMessage":"selenium.common.exceptions.InvalidSelectorException: Message: invalid selector: Unable to locate an element with the xpath expression .//a[text()='50's Rockabilly Polka Dot Top JR Plus Size']/../..//input[@name='addtocart'] because of the following error:\nSyntaxError: Failed to execute 'evaluate' on 'Document': The string './/a[text()='50's Rockabilly Polka Dot Top JR Plus Size']/../..//input[@name='addtocart']' is not a valid XPath expression.\n  (Session info: chrome=108.0.5359.125)\nStacktrace:\nBacktrace:\n\t(No symbol) [0x006FF243]\n\t(No symbol) [0x00687FD1]\n\t(No symbol) [0x0057D04D]\n\t(No symbol) [0x0057FD34]\n\t(No symbol) [0x0057FBE5]\n\t(No symbol) [0x0057FE80]\n\t(No symbol) [0x005ABD55]\n\t(No symbol) [0x005AC22B]\n\t(No symbol) [0x005DE612]\n\t(No symbol) [0x005C85D4]\n\t(No symbol) [0x005DC9EB]\n\t(No symbol) [0x005C8386]\n\t(No symbol) [0x005A163C]\n\t(No symbol) [0x005A269D]\n\tGetHandleVerifier [0x00999A22+2655074]\n\tGetHandleVerifier [0x0098CA24+2601828]\n\tGetHandleVerifier [0x007A8C0A+619850]\n\tGetHandleVerifier [0x007A7830+614768]\n\t(No symbol) [0x006905FC]\n\t(No symbol) [0x00695968]\n\t(No symbol) [0x00695A55]\n\t(No symbol) [0x006A051B]\n\tBaseThreadInitThunk [0x777E6A39+25]\n\tRtlGetFullPathName_UEx [0x77B97D1D+173]\n\tRtlGetFullPathName_UEx [0x77B97CEB+123]","statusTrace":"self = <tests.test_cart.TestCart object at 0x000001E2B31BD570>\nheader = <pages.header.Header object at 0x000001E2B3AB5870>\ncart_page = <pages.cart_page.CartPage object at 0x000001E2B3AB5780>\nwishlist_page = <pages.wishlist_page.WishlistPage object at 0x000001E2B3AB6920>\nadd_product_to_wishlist_by_unauthorized_user = <function add_product_to_wishlist_by_unauthorized_user.<locals>.wrapper at 0x000001E2B3B0CE50>\n\n    @title('Добавление товара в корзину из вишлиста')\n    def test_add_product_to_cart_from_wishlist(self, header, cart_page, wishlist_page,\n                                               add_product_to_wishlist_by_unauthorized_user):\n        product_name = add_product_to_wishlist_by_unauthorized_user()[0]['name']\n    \n        header.go_to_wishlist_page()\n        wishlist_page.should_be_open_wishlist_page()\n        wishlist_page.should_be_product_in_wishlist(product_names=product_name)\n    \n>       wishlist_page.add_product_to_cart(product_name=product_name)\n\ntests\\test_cart.py:60: \n_ _ _ _ _ _ _ _ _ _ _ _ _ _ _ _ _ _ _ _ _ _ _ _ _ _ _ _ _ _ _ _ _ _ _ _ _ _ _ _\nutils\\steps.py:29: in impl\n    step_result = func(*args, **kwargs)\npages\\wishlist_page.py:107: in add_product_to_cart\n    self.find_element(strategy, locator.format(product_name)).click()\npages\\base_page.py:145: in find_element\n    return WebDriverWait(self.driver, timeout).until(ec.presence_of_element_located((strategy, locator)))\nC:\\hostedtoolcache\\windows\\Python\\3.10.9\\x64\\lib\\site-packages\\selenium\\webdriver\\support\\wait.py:86: in until\n    value = method(self._driver)\nC:\\hostedtoolcache\\windows\\Python\\3.10.9\\x64\\lib\\site-packages\\selenium\\webdriver\\support\\expected_conditions.py:64: in _predicate\n    return driver.find_element(*locator)\nC:\\hostedtoolcache\\windows\\Python\\3.10.9\\x64\\lib\\site-packages\\selenium\\webdriver\\remote\\webdriver.py:861: in find_element\n    return self.execute(Command.FIND_ELEMENT, {\"using\": by, \"value\": value})[\"value\"]\nC:\\hostedtoolcache\\windows\\Python\\3.10.9\\x64\\lib\\site-packages\\selenium\\webdriver\\remote\\webdriver.py:444: in execute\n    self.error_handler.check_response(response)\n_ _ _ _ _ _ _ _ _ _ _ _ _ _ _ _ _ _ _ _ _ _ _ _ _ _ _ _ _ _ _ _ _ _ _ _ _ _ _ _\n\nself = <selenium.webdriver.remote.errorhandler.ErrorHandler object at 0x000001E2B3AB62F0>\nresponse = {'status': 400, 'value': '{\"value\":{\"error\":\"invalid selector\",\"message\":\"invalid selector: Unable to locate an elemen...Thunk [0x777E6A39+25]\\\\n\\\\tRtlGetFullPathName_UEx [0x77B97D1D+173]\\\\n\\\\tRtlGetFullPathName_UEx [0x77B97CEB+123]\\\\n\"}}'}\n\n    def check_response(self, response: Dict[str, Any]) -> None:\n        \"\"\"\n        Checks that a JSON response from the WebDriver does not have an error.\n    \n        :Args:\n         - response - The JSON response from the WebDriver server as a dictionary\n           object.\n    \n        :Raises: If the response contains an error message.\n        \"\"\"\n        status = response.get(\"status\", None)\n        if not status or status == ErrorCode.SUCCESS:\n            return\n        value = None\n        message = response.get(\"message\", \"\")\n        screen: str = response.get(\"screen\", \"\")\n        stacktrace = None\n        if isinstance(status, int):\n            value_json = response.get(\"value\", None)\n            if value_json and isinstance(value_json, str):\n                import json\n    \n                try:\n                    value = json.loads(value_json)\n                    if len(value.keys()) == 1:\n                        value = value[\"value\"]\n                    status = value.get(\"error\", None)\n                    if not status:\n                        status = value.get(\"status\", ErrorCode.UNKNOWN_ERROR)\n                        message = value.get(\"value\") or value.get(\"message\")\n                        if not isinstance(message, str):\n                            value = message\n                            message = message.get(\"message\")\n                    else:\n                        message = value.get(\"message\", None)\n                except ValueError:\n                    pass\n    \n        exception_class: Type[WebDriverException]\n        if status in ErrorCode.NO_SUCH_ELEMENT:\n            exception_class = NoSuchElementException\n        elif status in ErrorCode.NO_SUCH_FRAME:\n            exception_class = NoSuchFrameException\n        elif status in ErrorCode.NO_SUCH_SHADOW_ROOT:\n            exception_class = NoSuchShadowRootException\n        elif status in ErrorCode.NO_SUCH_WINDOW:\n            exception_class = NoSuchWindowException\n        elif status in ErrorCode.STALE_ELEMENT_REFERENCE:\n            exception_class = StaleElementReferenceException\n        elif status in ErrorCode.ELEMENT_NOT_VISIBLE:\n            exception_class = ElementNotVisibleException\n        elif status in ErrorCode.INVALID_ELEMENT_STATE:\n            exception_class = InvalidElementStateException\n        elif (\n            status in ErrorCode.INVALID_SELECTOR\n            or status in ErrorCode.INVALID_XPATH_SELECTOR\n            or status in ErrorCode.INVALID_XPATH_SELECTOR_RETURN_TYPER\n        ):\n            exception_class = InvalidSelectorException\n        elif status in ErrorCode.ELEMENT_IS_NOT_SELECTABLE:\n            exception_class = ElementNotSelectableException\n        elif status in ErrorCode.ELEMENT_NOT_INTERACTABLE:\n            exception_class = ElementNotInteractableException\n        elif status in ErrorCode.INVALID_COOKIE_DOMAIN:\n            exception_class = InvalidCookieDomainException\n        elif status in ErrorCode.UNABLE_TO_SET_COOKIE:\n            exception_class = UnableToSetCookieException\n        elif status in ErrorCode.TIMEOUT:\n            exception_class = TimeoutException\n        elif status in ErrorCode.SCRIPT_TIMEOUT:\n            exception_class = TimeoutException\n        elif status in ErrorCode.UNKNOWN_ERROR:\n            exception_class = WebDriverException\n        elif status in ErrorCode.UNEXPECTED_ALERT_OPEN:\n            exception_class = UnexpectedAlertPresentException\n        elif status in ErrorCode.NO_ALERT_OPEN:\n            exception_class = NoAlertPresentException\n        elif status in ErrorCode.IME_NOT_AVAILABLE:\n            exception_class = ImeNotAvailableException\n        elif status in ErrorCode.IME_ENGINE_ACTIVATION_FAILED:\n            exception_class = ImeActivationFailedException\n        elif status in ErrorCode.MOVE_TARGET_OUT_OF_BOUNDS:\n            exception_class = MoveTargetOutOfBoundsException\n        elif status in ErrorCode.JAVASCRIPT_ERROR:\n            exception_class = JavascriptException\n        elif status in ErrorCode.SESSION_NOT_CREATED:\n            exception_class = SessionNotCreatedException\n        elif status in ErrorCode.INVALID_ARGUMENT:\n            exception_class = InvalidArgumentException\n        elif status in ErrorCode.NO_SUCH_COOKIE:\n            exception_class = NoSuchCookieException\n        elif status in ErrorCode.UNABLE_TO_CAPTURE_SCREEN:\n            exception_class = ScreenshotException\n        elif status in ErrorCode.ELEMENT_CLICK_INTERCEPTED:\n            exception_class = ElementClickInterceptedException\n        elif status in ErrorCode.INSECURE_CERTIFICATE:\n            exception_class = InsecureCertificateException\n        elif status in ErrorCode.INVALID_COORDINATES:\n            exception_class = InvalidCoordinatesException\n        elif status in ErrorCode.INVALID_SESSION_ID:\n            exception_class = InvalidSessionIdException\n        elif status in ErrorCode.UNKNOWN_METHOD:\n            exception_class = UnknownMethodException\n        else:\n            exception_class = WebDriverException\n        if not value:\n            value = response[\"value\"]\n        if isinstance(value, str):\n            raise exception_class(value)\n        if message == \"\" and \"message\" in value:\n            message = value[\"message\"]\n    \n        screen = None  # type: ignore[assignment]\n        if \"screen\" in value:\n            screen = value[\"screen\"]\n    \n        stacktrace = None\n        st_value = value.get(\"stackTrace\") or value.get(\"stacktrace\")\n        if st_value:\n            if isinstance(st_value, str):\n                stacktrace = st_value.split(\"\\n\")\n            else:\n                stacktrace = []\n                try:\n                    for frame in st_value:\n                        line = frame.get(\"lineNumber\", \"\")\n                        file = frame.get(\"fileName\", \"<anonymous>\")\n                        if line:\n                            file = f\"{file}:{line}\"\n                        meth = frame.get(\"methodName\", \"<anonymous>\")\n                        if \"className\" in frame:\n                            meth = \"{}.{}\".format(frame[\"className\"], meth)\n                        msg = \"    at %s (%s)\"\n                        msg = msg % (meth, file)\n                        stacktrace.append(msg)\n                except TypeError:\n                    pass\n        if exception_class == UnexpectedAlertPresentException:\n            alert_text = None\n            if \"data\" in value:\n                alert_text = value[\"data\"].get(\"text\")\n            elif \"alert\" in value:\n                alert_text = value[\"alert\"].get(\"text\")\n            raise exception_class(message, screen, stacktrace, alert_text)  # type: ignore[call-arg]  # mypy is not smart enough here\n>       raise exception_class(message, screen, stacktrace)\nE       selenium.common.exceptions.InvalidSelectorException: Message: invalid selector: Unable to locate an element with the xpath expression .//a[text()='50's Rockabilly Polka Dot Top JR Plus Size']/../..//input[@name='addtocart'] because of the following error:\nE       SyntaxError: Failed to execute 'evaluate' on 'Document': The string './/a[text()='50's Rockabilly Polka Dot Top JR Plus Size']/../..//input[@name='addtocart']' is not a valid XPath expression.\nE         (Session info: chrome=108.0.5359.125)\nE       Stacktrace:\nE       Backtrace:\nE       \t(No symbol) [0x006FF243]\nE       \t(No symbol) [0x00687FD1]\nE       \t(No symbol) [0x0057D04D]\nE       \t(No symbol) [0x0057FD34]\nE       \t(No symbol) [0x0057FBE5]\nE       \t(No symbol) [0x0057FE80]\nE       \t(No symbol) [0x005ABD55]\nE       \t(No symbol) [0x005AC22B]\nE       \t(No symbol) [0x005DE612]\nE       \t(No symbol) [0x005C85D4]\nE       \t(No symbol) [0x005DC9EB]\nE       \t(No symbol) [0x005C8386]\nE       \t(No symbol) [0x005A163C]\nE       \t(No symbol) [0x005A269D]\nE       \tGetHandleVerifier [0x00999A22+2655074]\nE       \tGetHandleVerifier [0x0098CA24+2601828]\nE       \tGetHandleVerifier [0x007A8C0A+619850]\nE       \tGetHandleVerifier [0x007A7830+614768]\nE       \t(No symbol) [0x006905FC]\nE       \t(No symbol) [0x00695968]\nE       \t(No symbol) [0x00695A55]\nE       \t(No symbol) [0x006A051B]\nE       \tBaseThreadInitThunk [0x777E6A39+25]\nE       \tRtlGetFullPathName_UEx [0x77B97D1D+173]\nE       \tRtlGetFullPathName_UEx [0x77B97CEB+123]\n\nC:\\hostedtoolcache\\windows\\Python\\3.10.9\\x64\\lib\\site-packages\\selenium\\webdriver\\remote\\errorhandler.py:249: InvalidSelectorException","flaky":false,"newFailed":false,"newBroken":false,"newPassed":false,"retriesCount":0,"retriesStatusChange":false,"beforeStages":[{"name":"browser","time":{"start":1673646102107,"stop":1673646107162,"duration":5055},"status":"passed","steps":[],"attachments":[],"parameters":[],"attachmentsCount":0,"shouldDisplayMessage":false,"stepsCount":0,"hasContent":false},{"name":"header","time":{"start":1673646107162,"stop":1673646107162,"duration":0},"status":"passed","steps":[],"attachments":[],"parameters":[],"attachmentsCount":0,"shouldDisplayMessage":false,"stepsCount":0,"hasContent":false},{"name":"add_product_to_wishlist_by_unauthorized_user","time":{"start":1673646107162,"stop":1673646107162,"duration":0},"status":"passed","steps":[],"attachments":[],"parameters":[],"attachmentsCount":0,"shouldDisplayMessage":false,"stepsCount":0,"hasContent":false},{"name":"wishlist_page","time":{"start":1673646107162,"stop":1673646107162,"duration":0},"status":"passed","steps":[],"attachments":[],"parameters":[],"attachmentsCount":0,"shouldDisplayMessage":false,"stepsCount":0,"hasContent":false},{"name":"cart_page","time":{"start":1673646107162,"stop":1673646107162,"duration":0},"status":"passed","steps":[],"attachments":[],"parameters":[],"attachmentsCount":0,"shouldDisplayMessage":false,"stepsCount":0,"hasContent":false},{"name":"product_card_page","time":{"start":1673646107162,"stop":1673646107162,"duration":0},"status":"passed","steps":[],"attachments":[],"parameters":[],"attachmentsCount":0,"shouldDisplayMessage":false,"stepsCount":0,"hasContent":false}],"testStage":{"status":"broken","statusMessage":"selenium.common.exceptions.InvalidSelectorException: Message: invalid selector: Unable to locate an element with the xpath expression .//a[text()='50's Rockabilly Polka Dot Top JR Plus Size']/../..//input[@name='addtocart'] because of the following error:\nSyntaxError: Failed to execute 'evaluate' on 'Document': The string './/a[text()='50's Rockabilly Polka Dot Top JR Plus Size']/../..//input[@name='addtocart']' is not a valid XPath expression.\n  (Session info: chrome=108.0.5359.125)\nStacktrace:\nBacktrace:\n\t(No symbol) [0x006FF243]\n\t(No symbol) [0x00687FD1]\n\t(No symbol) [0x0057D04D]\n\t(No symbol) [0x0057FD34]\n\t(No symbol) [0x0057FBE5]\n\t(No symbol) [0x0057FE80]\n\t(No symbol) [0x005ABD55]\n\t(No symbol) [0x005AC22B]\n\t(No symbol) [0x005DE612]\n\t(No symbol) [0x005C85D4]\n\t(No symbol) [0x005DC9EB]\n\t(No symbol) [0x005C8386]\n\t(No symbol) [0x005A163C]\n\t(No symbol) [0x005A269D]\n\tGetHandleVerifier [0x00999A22+2655074]\n\tGetHandleVerifier [0x0098CA24+2601828]\n\tGetHandleVerifier [0x007A8C0A+619850]\n\tGetHandleVerifier [0x007A7830+614768]\n\t(No symbol) [0x006905FC]\n\t(No symbol) [0x00695968]\n\t(No symbol) [0x00695A55]\n\t(No symbol) [0x006A051B]\n\tBaseThreadInitThunk [0x777E6A39+25]\n\tRtlGetFullPathName_UEx [0x77B97D1D+173]\n\tRtlGetFullPathName_UEx [0x77B97CEB+123]","statusTrace":"self = <tests.test_cart.TestCart object at 0x000001E2B31BD570>\nheader = <pages.header.Header object at 0x000001E2B3AB5870>\ncart_page = <pages.cart_page.CartPage object at 0x000001E2B3AB5780>\nwishlist_page = <pages.wishlist_page.WishlistPage object at 0x000001E2B3AB6920>\nadd_product_to_wishlist_by_unauthorized_user = <function add_product_to_wishlist_by_unauthorized_user.<locals>.wrapper at 0x000001E2B3B0CE50>\n\n    @title('Добавление товара в корзину из вишлиста')\n    def test_add_product_to_cart_from_wishlist(self, header, cart_page, wishlist_page,\n                                               add_product_to_wishlist_by_unauthorized_user):\n        product_name = add_product_to_wishlist_by_unauthorized_user()[0]['name']\n    \n        header.go_to_wishlist_page()\n        wishlist_page.should_be_open_wishlist_page()\n        wishlist_page.should_be_product_in_wishlist(product_names=product_name)\n    \n>       wishlist_page.add_product_to_cart(product_name=product_name)\n\ntests\\test_cart.py:60: \n_ _ _ _ _ _ _ _ _ _ _ _ _ _ _ _ _ _ _ _ _ _ _ _ _ _ _ _ _ _ _ _ _ _ _ _ _ _ _ _\nutils\\steps.py:29: in impl\n    step_result = func(*args, **kwargs)\npages\\wishlist_page.py:107: in add_product_to_cart\n    self.find_element(strategy, locator.format(product_name)).click()\npages\\base_page.py:145: in find_element\n    return WebDriverWait(self.driver, timeout).until(ec.presence_of_element_located((strategy, locator)))\nC:\\hostedtoolcache\\windows\\Python\\3.10.9\\x64\\lib\\site-packages\\selenium\\webdriver\\support\\wait.py:86: in until\n    value = method(self._driver)\nC:\\hostedtoolcache\\windows\\Python\\3.10.9\\x64\\lib\\site-packages\\selenium\\webdriver\\support\\expected_conditions.py:64: in _predicate\n    return driver.find_element(*locator)\nC:\\hostedtoolcache\\windows\\Python\\3.10.9\\x64\\lib\\site-packages\\selenium\\webdriver\\remote\\webdriver.py:861: in find_element\n    return self.execute(Command.FIND_ELEMENT, {\"using\": by, \"value\": value})[\"value\"]\nC:\\hostedtoolcache\\windows\\Python\\3.10.9\\x64\\lib\\site-packages\\selenium\\webdriver\\remote\\webdriver.py:444: in execute\n    self.error_handler.check_response(response)\n_ _ _ _ _ _ _ _ _ _ _ _ _ _ _ _ _ _ _ _ _ _ _ _ _ _ _ _ _ _ _ _ _ _ _ _ _ _ _ _\n\nself = <selenium.webdriver.remote.errorhandler.ErrorHandler object at 0x000001E2B3AB62F0>\nresponse = {'status': 400, 'value': '{\"value\":{\"error\":\"invalid selector\",\"message\":\"invalid selector: Unable to locate an elemen...Thunk [0x777E6A39+25]\\\\n\\\\tRtlGetFullPathName_UEx [0x77B97D1D+173]\\\\n\\\\tRtlGetFullPathName_UEx [0x77B97CEB+123]\\\\n\"}}'}\n\n    def check_response(self, response: Dict[str, Any]) -> None:\n        \"\"\"\n        Checks that a JSON response from the WebDriver does not have an error.\n    \n        :Args:\n         - response - The JSON response from the WebDriver server as a dictionary\n           object.\n    \n        :Raises: If the response contains an error message.\n        \"\"\"\n        status = response.get(\"status\", None)\n        if not status or status == ErrorCode.SUCCESS:\n            return\n        value = None\n        message = response.get(\"message\", \"\")\n        screen: str = response.get(\"screen\", \"\")\n        stacktrace = None\n        if isinstance(status, int):\n            value_json = response.get(\"value\", None)\n            if value_json and isinstance(value_json, str):\n                import json\n    \n                try:\n                    value = json.loads(value_json)\n                    if len(value.keys()) == 1:\n                        value = value[\"value\"]\n                    status = value.get(\"error\", None)\n                    if not status:\n                        status = value.get(\"status\", ErrorCode.UNKNOWN_ERROR)\n                        message = value.get(\"value\") or value.get(\"message\")\n                        if not isinstance(message, str):\n                            value = message\n                            message = message.get(\"message\")\n                    else:\n                        message = value.get(\"message\", None)\n                except ValueError:\n                    pass\n    \n        exception_class: Type[WebDriverException]\n        if status in ErrorCode.NO_SUCH_ELEMENT:\n            exception_class = NoSuchElementException\n        elif status in ErrorCode.NO_SUCH_FRAME:\n            exception_class = NoSuchFrameException\n        elif status in ErrorCode.NO_SUCH_SHADOW_ROOT:\n            exception_class = NoSuchShadowRootException\n        elif status in ErrorCode.NO_SUCH_WINDOW:\n            exception_class = NoSuchWindowException\n        elif status in ErrorCode.STALE_ELEMENT_REFERENCE:\n            exception_class = StaleElementReferenceException\n        elif status in ErrorCode.ELEMENT_NOT_VISIBLE:\n            exception_class = ElementNotVisibleException\n        elif status in ErrorCode.INVALID_ELEMENT_STATE:\n            exception_class = InvalidElementStateException\n        elif (\n            status in ErrorCode.INVALID_SELECTOR\n            or status in ErrorCode.INVALID_XPATH_SELECTOR\n            or status in ErrorCode.INVALID_XPATH_SELECTOR_RETURN_TYPER\n        ):\n            exception_class = InvalidSelectorException\n        elif status in ErrorCode.ELEMENT_IS_NOT_SELECTABLE:\n            exception_class = ElementNotSelectableException\n        elif status in ErrorCode.ELEMENT_NOT_INTERACTABLE:\n            exception_class = ElementNotInteractableException\n        elif status in ErrorCode.INVALID_COOKIE_DOMAIN:\n            exception_class = InvalidCookieDomainException\n        elif status in ErrorCode.UNABLE_TO_SET_COOKIE:\n            exception_class = UnableToSetCookieException\n        elif status in ErrorCode.TIMEOUT:\n            exception_class = TimeoutException\n        elif status in ErrorCode.SCRIPT_TIMEOUT:\n            exception_class = TimeoutException\n        elif status in ErrorCode.UNKNOWN_ERROR:\n            exception_class = WebDriverException\n        elif status in ErrorCode.UNEXPECTED_ALERT_OPEN:\n            exception_class = UnexpectedAlertPresentException\n        elif status in ErrorCode.NO_ALERT_OPEN:\n            exception_class = NoAlertPresentException\n        elif status in ErrorCode.IME_NOT_AVAILABLE:\n            exception_class = ImeNotAvailableException\n        elif status in ErrorCode.IME_ENGINE_ACTIVATION_FAILED:\n            exception_class = ImeActivationFailedException\n        elif status in ErrorCode.MOVE_TARGET_OUT_OF_BOUNDS:\n            exception_class = MoveTargetOutOfBoundsException\n        elif status in ErrorCode.JAVASCRIPT_ERROR:\n            exception_class = JavascriptException\n        elif status in ErrorCode.SESSION_NOT_CREATED:\n            exception_class = SessionNotCreatedException\n        elif status in ErrorCode.INVALID_ARGUMENT:\n            exception_class = InvalidArgumentException\n        elif status in ErrorCode.NO_SUCH_COOKIE:\n            exception_class = NoSuchCookieException\n        elif status in ErrorCode.UNABLE_TO_CAPTURE_SCREEN:\n            exception_class = ScreenshotException\n        elif status in ErrorCode.ELEMENT_CLICK_INTERCEPTED:\n            exception_class = ElementClickInterceptedException\n        elif status in ErrorCode.INSECURE_CERTIFICATE:\n            exception_class = InsecureCertificateException\n        elif status in ErrorCode.INVALID_COORDINATES:\n            exception_class = InvalidCoordinatesException\n        elif status in ErrorCode.INVALID_SESSION_ID:\n            exception_class = InvalidSessionIdException\n        elif status in ErrorCode.UNKNOWN_METHOD:\n            exception_class = UnknownMethodException\n        else:\n            exception_class = WebDriverException\n        if not value:\n            value = response[\"value\"]\n        if isinstance(value, str):\n            raise exception_class(value)\n        if message == \"\" and \"message\" in value:\n            message = value[\"message\"]\n    \n        screen = None  # type: ignore[assignment]\n        if \"screen\" in value:\n            screen = value[\"screen\"]\n    \n        stacktrace = None\n        st_value = value.get(\"stackTrace\") or value.get(\"stacktrace\")\n        if st_value:\n            if isinstance(st_value, str):\n                stacktrace = st_value.split(\"\\n\")\n            else:\n                stacktrace = []\n                try:\n                    for frame in st_value:\n                        line = frame.get(\"lineNumber\", \"\")\n                        file = frame.get(\"fileName\", \"<anonymous>\")\n                        if line:\n                            file = f\"{file}:{line}\"\n                        meth = frame.get(\"methodName\", \"<anonymous>\")\n                        if \"className\" in frame:\n                            meth = \"{}.{}\".format(frame[\"className\"], meth)\n                        msg = \"    at %s (%s)\"\n                        msg = msg % (meth, file)\n                        stacktrace.append(msg)\n                except TypeError:\n                    pass\n        if exception_class == UnexpectedAlertPresentException:\n            alert_text = None\n            if \"data\" in value:\n                alert_text = value[\"data\"].get(\"text\")\n            elif \"alert\" in value:\n                alert_text = value[\"alert\"].get(\"text\")\n            raise exception_class(message, screen, stacktrace, alert_text)  # type: ignore[call-arg]  # mypy is not smart enough here\n>       raise exception_class(message, screen, stacktrace)\nE       selenium.common.exceptions.InvalidSelectorException: Message: invalid selector: Unable to locate an element with the xpath expression .//a[text()='50's Rockabilly Polka Dot Top JR Plus Size']/../..//input[@name='addtocart'] because of the following error:\nE       SyntaxError: Failed to execute 'evaluate' on 'Document': The string './/a[text()='50's Rockabilly Polka Dot Top JR Plus Size']/../..//input[@name='addtocart']' is not a valid XPath expression.\nE         (Session info: chrome=108.0.5359.125)\nE       Stacktrace:\nE       Backtrace:\nE       \t(No symbol) [0x006FF243]\nE       \t(No symbol) [0x00687FD1]\nE       \t(No symbol) [0x0057D04D]\nE       \t(No symbol) [0x0057FD34]\nE       \t(No symbol) [0x0057FBE5]\nE       \t(No symbol) [0x0057FE80]\nE       \t(No symbol) [0x005ABD55]\nE       \t(No symbol) [0x005AC22B]\nE       \t(No symbol) [0x005DE612]\nE       \t(No symbol) [0x005C85D4]\nE       \t(No symbol) [0x005DC9EB]\nE       \t(No symbol) [0x005C8386]\nE       \t(No symbol) [0x005A163C]\nE       \t(No symbol) [0x005A269D]\nE       \tGetHandleVerifier [0x00999A22+2655074]\nE       \tGetHandleVerifier [0x0098CA24+2601828]\nE       \tGetHandleVerifier [0x007A8C0A+619850]\nE       \tGetHandleVerifier [0x007A7830+614768]\nE       \t(No symbol) [0x006905FC]\nE       \t(No symbol) [0x00695968]\nE       \t(No symbol) [0x00695A55]\nE       \t(No symbol) [0x006A051B]\nE       \tBaseThreadInitThunk [0x777E6A39+25]\nE       \tRtlGetFullPathName_UEx [0x77B97D1D+173]\nE       \tRtlGetFullPathName_UEx [0x77B97CEB+123]\n\nC:\\hostedtoolcache\\windows\\Python\\3.10.9\\x64\\lib\\site-packages\\selenium\\webdriver\\remote\\errorhandler.py:249: InvalidSelectorException","steps":[{"name":"Добавить товар в вишлист","time":{"start":1673646118388,"stop":1673646123204,"duration":4816},"status":"passed","steps":[{"name":"Заполнить поля c атрибутами товара","time":{"start":1673646118722,"stop":1673646122364,"duration":3642},"status":"passed","steps":[],"attachments":[{"uid":"e5195d54e70c5f84","name":"Screenshot","source":"e5195d54e70c5f84.png","type":"image/png","size":154702}],"parameters":[],"attachmentsCount":1,"shouldDisplayMessage":false,"stepsCount":0,"hasContent":true},{"name":"Указать количество товара: 1","time":{"start":1673646122364,"stop":1673646122879,"duration":515},"status":"passed","steps":[],"attachments":[],"parameters":[],"attachmentsCount":0,"shouldDisplayMessage":false,"stepsCount":0,"hasContent":false},{"name":"Кликнуть по кнопке \"Add to wishlist\"","time":{"start":1673646122880,"stop":1673646123015,"duration":135},"status":"passed","steps":[],"attachments":[],"parameters":[],"attachmentsCount":0,"shouldDisplayMessage":false,"stepsCount":0,"hasContent":false}],"attachments":[{"uid":"6d1876bd34150b30","name":"Screenshot","source":"6d1876bd34150b30.png","type":"image/png","size":154252}],"parameters":[{"name":"quantity","value":"1"},{"name":"is_new_sender","value":"False"}],"attachmentsCount":2,"shouldDisplayMessage":false,"stepsCount":3,"hasContent":true},{"name":"Проверить, что появилось сообщение о добавлении товара в вишлист","time":{"start":1673646123204,"stop":1673646123646,"duration":442},"status":"passed","steps":[{"name":"Проверить, что сообщение появилось","time":{"start":1673646123204,"stop":1673646123374,"duration":170},"status":"passed","steps":[],"attachments":[],"parameters":[],"attachmentsCount":0,"shouldDisplayMessage":false,"stepsCount":0,"hasContent":false},{"name":"Проверить текст сообщения","time":{"start":1673646123374,"stop":1673646123513,"duration":139},"status":"passed","steps":[],"attachments":[],"parameters":[],"attachmentsCount":0,"shouldDisplayMessage":false,"stepsCount":0,"hasContent":false}],"attachments":[{"uid":"b33e159249beb115","name":"Screenshot","source":"b33e159249beb115.png","type":"image/png","size":158621}],"parameters":[],"attachmentsCount":1,"shouldDisplayMessage":false,"stepsCount":2,"hasContent":true},{"name":"Перейти на страницу вишлиста","time":{"start":1673646123646,"stop":1673646124404,"duration":758},"status":"passed","steps":[],"attachments":[{"uid":"cd5c4e8b4e76d100","name":"Screenshot","source":"cd5c4e8b4e76d100.png","type":"image/png","size":51913}],"parameters":[],"attachmentsCount":1,"shouldDisplayMessage":false,"stepsCount":0,"hasContent":true},{"name":"Проверить, что открыта страница вишлиста","time":{"start":1673646124404,"stop":1673646124511,"duration":107},"status":"passed","steps":[],"attachments":[{"uid":"e7fb5a330e697be3","name":"Screenshot","source":"e7fb5a330e697be3.png","type":"image/png","size":51913}],"parameters":[],"attachmentsCount":1,"shouldDisplayMessage":false,"stepsCount":0,"hasContent":true},{"name":"Проверить наличие товаров в вишлисте","time":{"start":1673646124512,"stop":1673646124789,"duration":277},"status":"passed","steps":[],"attachments":[{"uid":"5c43d57cfb18ba8f","name":"Screenshot","source":"5c43d57cfb18ba8f.png","type":"image/png","size":51913}],"parameters":[{"name":"product_names","value":"'50's Rockabilly Polka Dot Top JR Plus Size'"}],"attachmentsCount":1,"shouldDisplayMessage":false,"stepsCount":0,"hasContent":true},{"name":"Добавить товар \"'50's Rockabilly Polka Dot Top JR Plus Size'\" в корзину","time":{"start":1673646124789,"stop":1673646124905,"duration":116},"status":"broken","statusMessage":"selenium.common.exceptions.InvalidSelectorException: Message: invalid selector: Unable to locate an element with the xpath expression .//a[text()='50's Rockabilly Polka Dot Top JR Plus Size']/../..//input[@name='addtocart'] because of the following error:\nSyntaxError: Failed to execute 'evaluate' on 'Document': The string './/a[text()='50's Rockabilly Polka Dot Top JR Plus Size']/../..//input[@name='addtocart']' is not a valid XPath expression.\n  (Session info: chrome=108.0.5359.125)\nStacktrace:\nBacktrace:\n\t(No symbol) [0x006FF243]\n\t(No symbol) [0x00687FD1]\n\t(No symbol) [0x0057D04D]\n\t(No symbol) [0x0057FD34]\n\t(No symbol) [0x0057FBE5]\n\t(No symbol) [0x0057FE80]\n\t(No symbol) [0x005ABD55]\n\t(No symbol) [0x005AC22B]\n\t(No symbol) [0x005DE612]\n\t(No symbol) [0x005C85D4]\n\t(No symbol) [0x005DC9EB]\n\t(No symbol) [0x005C8386]\n\t(No symbol) [0x005A163C]\n\t(No symbol) [0x005A269D]\n\tGetHandleVerifier [0x00999A22+2655074]\n\tGetHandleVerifier [0x0098CA24+2601828]\n\tGetHandleVerifier [0x007A8C0A+619850]\n\tGetHandleVerifier [0x007A7830+614768]\n\t(No symbol) [0x006905FC]\n\t(No symbol) [0x00695968]\n\t(No symbol) [0x00695A55]\n\t(No symbol) [0x006A051B]\n\tBaseThreadInitThunk [0x777E6A39+25]\n\tRtlGetFullPathName_UEx [0x77B97D1D+173]\n\tRtlGetFullPathName_UEx [0x77B97CEB+123]\n\n","statusTrace":"  File \"D:\\a\\demo_web_shop\\demo_web_shop\\utils\\steps.py\", line 29, in impl\n    step_result = func(*args, **kwargs)\n  File \"D:\\a\\demo_web_shop\\demo_web_shop\\pages\\wishlist_page.py\", line 107, in add_product_to_cart\n    self.find_element(strategy, locator.format(product_name)).click()\n  File \"D:\\a\\demo_web_shop\\demo_web_shop\\pages\\base_page.py\", line 145, in find_element\n    return WebDriverWait(self.driver, timeout).until(ec.presence_of_element_located((strategy, locator)))\n  File \"C:\\hostedtoolcache\\windows\\Python\\3.10.9\\x64\\lib\\site-packages\\selenium\\webdriver\\support\\wait.py\", line 86, in until\n    value = method(self._driver)\n  File \"C:\\hostedtoolcache\\windows\\Python\\3.10.9\\x64\\lib\\site-packages\\selenium\\webdriver\\support\\expected_conditions.py\", line 64, in _predicate\n    return driver.find_element(*locator)\n  File \"C:\\hostedtoolcache\\windows\\Python\\3.10.9\\x64\\lib\\site-packages\\selenium\\webdriver\\remote\\webdriver.py\", line 861, in find_element\n    return self.execute(Command.FIND_ELEMENT, {\"using\": by, \"value\": value})[\"value\"]\n  File \"C:\\hostedtoolcache\\windows\\Python\\3.10.9\\x64\\lib\\site-packages\\selenium\\webdriver\\remote\\webdriver.py\", line 444, in execute\n    self.error_handler.check_response(response)\n  File \"C:\\hostedtoolcache\\windows\\Python\\3.10.9\\x64\\lib\\site-packages\\selenium\\webdriver\\remote\\errorhandler.py\", line 249, in check_response\n    raise exception_class(message, screen, stacktrace)\n","steps":[{"name":"Активировать чекбокс \"Add to cart\" у товара: 50's Rockabilly Polka Dot Top JR Plus Size","time":{"start":1673646124789,"stop":1673646124843,"duration":54},"status":"broken","statusMessage":"selenium.common.exceptions.InvalidSelectorException: Message: invalid selector: Unable to locate an element with the xpath expression .//a[text()='50's Rockabilly Polka Dot Top JR Plus Size']/../..//input[@name='addtocart'] because of the following error:\nSyntaxError: Failed to execute 'evaluate' on 'Document': The string './/a[text()='50's Rockabilly Polka Dot Top JR Plus Size']/../..//input[@name='addtocart']' is not a valid XPath expression.\n  (Session info: chrome=108.0.5359.125)\nStacktrace:\nBacktrace:\n\t(No symbol) [0x006FF243]\n\t(No symbol) [0x00687FD1]\n\t(No symbol) [0x0057D04D]\n\t(No symbol) [0x0057FD34]\n\t(No symbol) [0x0057FBE5]\n\t(No symbol) [0x0057FE80]\n\t(No symbol) [0x005ABD55]\n\t(No symbol) [0x005AC22B]\n\t(No symbol) [0x005DE612]\n\t(No symbol) [0x005C85D4]\n\t(No symbol) [0x005DC9EB]\n\t(No symbol) [0x005C8386]\n\t(No symbol) [0x005A163C]\n\t(No symbol) [0x005A269D]\n\tGetHandleVerifier [0x00999A22+2655074]\n\tGetHandleVerifier [0x0098CA24+2601828]\n\tGetHandleVerifier [0x007A8C0A+619850]\n\tGetHandleVerifier [0x007A7830+614768]\n\t(No symbol) [0x006905FC]\n\t(No symbol) [0x00695968]\n\t(No symbol) [0x00695A55]\n\t(No symbol) [0x006A051B]\n\tBaseThreadInitThunk [0x777E6A39+25]\n\tRtlGetFullPathName_UEx [0x77B97D1D+173]\n\tRtlGetFullPathName_UEx [0x77B97CEB+123]\n\n","statusTrace":"  File \"D:\\a\\demo_web_shop\\demo_web_shop\\pages\\wishlist_page.py\", line 107, in add_product_to_cart\n    self.find_element(strategy, locator.format(product_name)).click()\n  File \"D:\\a\\demo_web_shop\\demo_web_shop\\pages\\base_page.py\", line 145, in find_element\n    return WebDriverWait(self.driver, timeout).until(ec.presence_of_element_located((strategy, locator)))\n  File \"C:\\hostedtoolcache\\windows\\Python\\3.10.9\\x64\\lib\\site-packages\\selenium\\webdriver\\support\\wait.py\", line 86, in until\n    value = method(self._driver)\n  File \"C:\\hostedtoolcache\\windows\\Python\\3.10.9\\x64\\lib\\site-packages\\selenium\\webdriver\\support\\expected_conditions.py\", line 64, in _predicate\n    return driver.find_element(*locator)\n  File \"C:\\hostedtoolcache\\windows\\Python\\3.10.9\\x64\\lib\\site-packages\\selenium\\webdriver\\remote\\webdriver.py\", line 861, in find_element\n    return self.execute(Command.FIND_ELEMENT, {\"using\": by, \"value\": value})[\"value\"]\n  File \"C:\\hostedtoolcache\\windows\\Python\\3.10.9\\x64\\lib\\site-packages\\selenium\\webdriver\\remote\\webdriver.py\", line 444, in execute\n    self.error_handler.check_response(response)\n  File \"C:\\hostedtoolcache\\windows\\Python\\3.10.9\\x64\\lib\\site-packages\\selenium\\webdriver\\remote\\errorhandler.py\", line 249, in check_response\n    raise exception_class(message, screen, stacktrace)\n","steps":[],"attachments":[],"parameters":[],"attachmentsCount":0,"shouldDisplayMessage":true,"stepsCount":0,"hasContent":true}],"attachments":[{"uid":"ea7a79caa283aea0","name":"Screenshot","source":"ea7a79caa283aea0.png","type":"image/png","size":51913}],"parameters":[{"name":"product_name","value":"'50's Rockabilly Polka Dot Top JR Plus Size'"}],"attachmentsCount":1,"shouldDisplayMessage":false,"stepsCount":1,"hasContent":true}],"attachments":[],"parameters":[],"attachmentsCount":7,"shouldDisplayMessage":true,"stepsCount":12,"hasContent":true},"afterStages":[{"name":"browser::0","time":{"start":1673646125122,"stop":1673646130805,"duration":5683},"status":"passed","steps":[],"attachments":[],"parameters":[],"attachmentsCount":0,"shouldDisplayMessage":false,"stepsCount":0,"hasContent":false}],"labels":[{"name":"feature","value":"Корзина"},{"name":"epic","value":"Frontend"},{"name":"parentSuite","value":"tests"},{"name":"suite","value":"test_cart"},{"name":"subSuite","value":"TestCart"},{"name":"host","value":"fv-az416-444"},{"name":"thread","value":"6212-MainThread"},{"name":"framework","value":"pytest"},{"name":"language","value":"cpython3"},{"name":"package","value":"tests.test_cart"},{"name":"resultFormat","value":"allure2"}],"parameters":[],"links":[],"hidden":true,"retry":true,"extra":{"categories":[],"tags":[]},"source":"fb378d0296642b60.json","parameterValues":[]}